-- Found ament_cmake: 2.7.3 (/opt/ros/kilted/share/ament_cmake/cmake)
-- Override CMake install command with custom implementation using symlinks instead of copying resources
-- Found rosidl_default_generators: 1.7.1 (/opt/ros/kilted/share/rosidl_default_generators/cmake)
-- Using all available rosidl_typesupport_c: rosidl_typesupport_fastrtps_c;rosidl_typesupport_introspection_c
-- Using all available rosidl_typesupport_cpp: rosidl_typesupport_fastrtps_cpp;rosidl_typesupport_introspection_cpp
-- Found rosidl_adapter: 4.9.4 (/opt/ros/kilted/share/rosidl_adapter/cmake)
[31mCMake Error at /opt/ros/kilted/share/rosidl_adapter/cmake/rosidl_adapt_interfaces.cmake:57 (message):
  execute_process(/usr/bin/python3 -m rosidl_adapter --package-name
  bot_interfaces --arguments-file
  /home/lalit/Documents/dev/scratchpad/ros-playground/shankar_bot_ws/build/bot_interfaces/rosidl_adapter__arguments__bot_interfaces.json
  --output-dir
  /home/lalit/Documents/dev/scratchpad/ros-playground/shankar_bot_ws/build/bot_interfaces/rosidl_adapter/bot_interfaces
  --output-file
  /home/lalit/Documents/dev/scratchpad/ros-playground/shankar_bot_ws/build/bot_interfaces/rosidl_adapter/bot_interfaces.idls)
  returned error code 1:

  Error processing 'float delay' of 'bot_interfaces/CountUntil_Goal':
  ''float' is an invalid message name.  It should have the pattern
  '^[A-Z][A-Za-z0-9]*$''

  Traceback (most recent call last):

    File "<frozen runpy>", line 198, in _run_module_as_main
    File "<frozen runpy>", line 88, in _run_code
    File "/opt/ros/kilted/lib/python3.12/site-packages/rosidl_adapter/__main__.py", line 19, in <module>
      main()
    File "/opt/ros/kilted/lib/python3.12/site-packages/rosidl_adapter/main.py", line 54, in main
      abs_idl_file = convert_to_idl(
                     ^^^^^^^^^^^^^^^
    File "/opt/ros/kilted/lib/python3.12/site-packages/rosidl_adapter/__init__.py", line 32, in convert_to_idl
      return convert_action_to_idl(
             ^^^^^^^^^^^^^^^^^^^^^^
    File "/opt/ros/kilted/lib/python3.12/site-packages/rosidl_adapter/action/__init__.py", line 31, in convert_action_to_idl
      action = parse_action_string(package_name, input_file.stem, content)
               ^^^^^^^^^^^^^^^^^^^^^^^^^^^^^^^^^^^^^^^^^^^^^^^^^^^^^^^^^^^
    File "/opt/ros/kilted/lib/python3.12/site-packages/rosidl_adapter/parser.py", line 933, in parse_action_string
      goal_message = parse_message_string(
                     ^^^^^^^^^^^^^^^^^^^^^
    File "/opt/ros/kilted/lib/python3.12/site-packages/rosidl_adapter/parser.py", line 539, in parse_message_string
      Type(type_string, context_package_name=pkg_name),
      ^^^^^^^^^^^^^^^^^^^^^^^^^^^^^^^^^^^^^^^^^^^^^^^^
    File "/opt/ros/kilted/lib/python3.12/site-packages/rosidl_adapter/parser.py", line 293, in __init__
      super(Type, self).__init__(
    File "/opt/ros/kilted/lib/python3.12/site-packages/rosidl_adapter/parser.py", line 221, in __init__
      raise InvalidResourceName(

  rosidl_adapter.parser.InvalidResourceName: 'float' is an invalid message
  name.  It should have the pattern '^[A-Z][A-Za-z0-9]*$'

Call Stack (most recent call first):
  /opt/ros/kilted/share/rosidl_cmake/cmake/rosidl_generate_interfaces.cmake:132 (rosidl_adapt_interfaces)
  CMakeLists.txt:15 (rosidl_generate_interfaces)

[0m
-- Configuring incomplete, errors occurred!
