[3.492s] Invoking command in '/home/lalit/Documents/dev/scratchpad/ros-playground/shankar_bot_ws/build/pkg1': PYTHONPATH=/home/lalit/Documents/dev/scratchpad/ros-playground/shankar_bot_ws/build/pkg1/prefix_override:/usr/lib/python3/dist-packages/colcon_core/task/python/colcon_distutils_commands:/home/lalit/Documents/dev/scratchpad/ros-playground/shankar_bot_ws/install/pkg1/lib/python3.12/site-packages:/home/lalit/Documents/dev/scratchpad/ros-playground/shankar_bot_ws/install/bot_interfaces/lib/python3.12/site-packages:/home/lalit/Documents/dev/scratchpad/ros-playground/shankar_bot_ws/build/pkg1:/home/lalit/Documents/dev/scratchpad/ros-playground/shankar_bot_ws/install/pkg1/lib/python3.12/site-packages:/opt/ros/kilted/lib/python3.12/site-packages /usr/bin/python3 -W ignore:setup.py install is deprecated -W ignore:easy_install command is deprecated setup.py develop --editable --build-directory /home/lalit/Documents/dev/scratchpad/ros-playground/shankar_bot_ws/build/pkg1/build --no-deps symlink_data --force
[4.781s] running develop
[5.508s] running egg_info
[5.583s] writing pkg1.egg-info/PKG-INFO
[5.584s] writing dependency_links to pkg1.egg-info/dependency_links.txt
[5.585s] writing entry points to pkg1.egg-info/entry_points.txt
[5.585s] writing requirements to pkg1.egg-info/requires.txt
[5.586s] writing top-level names to pkg1.egg-info/top_level.txt
[5.741s] reading manifest file 'pkg1.egg-info/SOURCES.txt'
[5.744s] writing manifest file 'pkg1.egg-info/SOURCES.txt'
[5.833s] running build_ext
[5.833s] Creating /home/lalit/Documents/dev/scratchpad/ros-playground/shankar_bot_ws/install/pkg1/lib/python3.12/site-packages/pkg1.egg-link (link to .)
[5.836s] Installing actionclient script to /home/lalit/Documents/dev/scratchpad/ros-playground/shankar_bot_ws/install/pkg1/lib/pkg1
[5.837s] Installing actionserver script to /home/lalit/Documents/dev/scratchpad/ros-playground/shankar_bot_ws/install/pkg1/lib/pkg1
[5.838s] Installing client script to /home/lalit/Documents/dev/scratchpad/ros-playground/shankar_bot_ws/install/pkg1/lib/pkg1
[5.839s] Installing numpub script to /home/lalit/Documents/dev/scratchpad/ros-playground/shankar_bot_ws/install/pkg1/lib/pkg1
[5.840s] Installing numsub script to /home/lalit/Documents/dev/scratchpad/ros-playground/shankar_bot_ws/install/pkg1/lib/pkg1
[5.841s] Installing test_node script to /home/lalit/Documents/dev/scratchpad/ros-playground/shankar_bot_ws/install/pkg1/lib/pkg1
[5.842s] 
[5.842s] Installed /home/lalit/Documents/dev/scratchpad/ros-playground/shankar_bot_ws/build/pkg1
[5.843s] running symlink_data
[5.844s] symbolically linking /home/lalit/Documents/dev/scratchpad/ros-playground/shankar_bot_ws/build/pkg1/resource/pkg1 -> /home/lalit/Documents/dev/scratchpad/ros-playground/shankar_bot_ws/install/pkg1/share/ament_index/resource_index/packages
[5.845s] symbolically linking /home/lalit/Documents/dev/scratchpad/ros-playground/shankar_bot_ws/build/pkg1/package.xml -> /home/lalit/Documents/dev/scratchpad/ros-playground/shankar_bot_ws/install/pkg1/share/pkg1
[5.958s] Invoked command in '/home/lalit/Documents/dev/scratchpad/ros-playground/shankar_bot_ws/build/pkg1' returned '0': PYTHONPATH=/home/lalit/Documents/dev/scratchpad/ros-playground/shankar_bot_ws/build/pkg1/prefix_override:/usr/lib/python3/dist-packages/colcon_core/task/python/colcon_distutils_commands:/home/lalit/Documents/dev/scratchpad/ros-playground/shankar_bot_ws/install/pkg1/lib/python3.12/site-packages:/home/lalit/Documents/dev/scratchpad/ros-playground/shankar_bot_ws/install/bot_interfaces/lib/python3.12/site-packages:/home/lalit/Documents/dev/scratchpad/ros-playground/shankar_bot_ws/build/pkg1:/home/lalit/Documents/dev/scratchpad/ros-playground/shankar_bot_ws/install/pkg1/lib/python3.12/site-packages:/opt/ros/kilted/lib/python3.12/site-packages /usr/bin/python3 -W ignore:setup.py install is deprecated -W ignore:easy_install command is deprecated setup.py develop --editable --build-directory /home/lalit/Documents/dev/scratchpad/ros-playground/shankar_bot_ws/build/pkg1/build --no-deps symlink_data --force
