[0.019s] Invoking command in '/home/lalit/Documents/dev/scratchpad/ros-playground/shankar_bot_ws/build/bot_interfaces': CMAKE_PREFIX_PATH=${CMAKE_PREFIX_PATH}:/opt/ros/kilted /usr/bin/cmake /home/lalit/Documents/dev/scratchpad/ros-playground/shankar_bot_ws/src/bot_interfaces -DCMAKE_INSTALL_PREFIX=/home/lalit/Documents/dev/scratchpad/ros-playground/shankar_bot_ws/install/bot_interfaces
[0.042s] -- Found ament_cmake: 2.7.3 (/opt/ros/kilted/share/ament_cmake/cmake)
[0.232s] -- Override CMake install command with custom implementation using symlinks instead of copying resources
[0.247s] -- Found rosidl_default_generators: 1.7.1 (/opt/ros/kilted/share/rosidl_default_generators/cmake)
[0.251s] -- Using all available rosidl_typesupport_c: rosidl_typesupport_fastrtps_c;rosidl_typesupport_introspection_c
[0.327s] -- Using all available rosidl_typesupport_cpp: rosidl_typesupport_fastrtps_cpp;rosidl_typesupport_introspection_cpp
[0.383s] -- Found rosidl_adapter: 4.9.4 (/opt/ros/kilted/share/rosidl_adapter/cmake)
[0.700s] [31mCMake Error at /opt/ros/kilted/share/rosidl_adapter/cmake/rosidl_adapt_interfaces.cmake:57 (message):
[0.701s]   execute_process(/usr/bin/python3 -m rosidl_adapter --package-name
[0.701s]   bot_interfaces --arguments-file
[0.701s]   /home/lalit/Documents/dev/scratchpad/ros-playground/shankar_bot_ws/build/bot_interfaces/rosidl_adapter__arguments__bot_interfaces.json
[0.701s]   --output-dir
[0.702s]   /home/lalit/Documents/dev/scratchpad/ros-playground/shankar_bot_ws/build/bot_interfaces/rosidl_adapter/bot_interfaces
[0.702s]   --output-file
[0.702s]   /home/lalit/Documents/dev/scratchpad/ros-playground/shankar_bot_ws/build/bot_interfaces/rosidl_adapter/bot_interfaces.idls)
[0.702s]   returned error code 1:
[0.702s] 
[0.702s]   Error processing 'float delay' of 'bot_interfaces/CountUntil_Goal':
[0.703s]   ''float' is an invalid message name.  It should have the pattern
[0.703s]   '^[A-Z][A-Za-z0-9]*$''
[0.703s] 
[0.703s]   Traceback (most recent call last):
[0.703s] 
[0.704s]     File "<frozen runpy>", line 198, in _run_module_as_main
[0.704s]     File "<frozen runpy>", line 88, in _run_code
[0.704s]     File "/opt/ros/kilted/lib/python3.12/site-packages/rosidl_adapter/__main__.py", line 19, in <module>
[0.704s]       main()
[0.705s]     File "/opt/ros/kilted/lib/python3.12/site-packages/rosidl_adapter/main.py", line 54, in main
[0.705s]       abs_idl_file = convert_to_idl(
[0.705s]                      ^^^^^^^^^^^^^^^
[0.705s]     File "/opt/ros/kilted/lib/python3.12/site-packages/rosidl_adapter/__init__.py", line 32, in convert_to_idl
[0.706s]       return convert_action_to_idl(
[0.706s]              ^^^^^^^^^^^^^^^^^^^^^^
[0.706s]     File "/opt/ros/kilted/lib/python3.12/site-packages/rosidl_adapter/action/__init__.py", line 31, in convert_action_to_idl
[0.706s]       action = parse_action_string(package_name, input_file.stem, content)
[0.706s]                ^^^^^^^^^^^^^^^^^^^^^^^^^^^^^^^^^^^^^^^^^^^^^^^^^^^^^^^^^^^
[0.707s]     File "/opt/ros/kilted/lib/python3.12/site-packages/rosidl_adapter/parser.py", line 933, in parse_action_string
[0.707s]       goal_message = parse_message_string(
[0.707s]                      ^^^^^^^^^^^^^^^^^^^^^
[0.707s]     File "/opt/ros/kilted/lib/python3.12/site-packages/rosidl_adapter/parser.py", line 539, in parse_message_string
[0.708s]       Type(type_string, context_package_name=pkg_name),
[0.708s]       ^^^^^^^^^^^^^^^^^^^^^^^^^^^^^^^^^^^^^^^^^^^^^^^^
[0.708s]     File "/opt/ros/kilted/lib/python3.12/site-packages/rosidl_adapter/parser.py", line 293, in __init__
[0.709s]       super(Type, self).__init__(
[0.709s]     File "/opt/ros/kilted/lib/python3.12/site-packages/rosidl_adapter/parser.py", line 221, in __init__
[0.709s]       raise InvalidResourceName(
[0.709s] 
[0.709s]   rosidl_adapter.parser.InvalidResourceName: 'float' is an invalid message
[0.710s]   name.  It should have the pattern '^[A-Z][A-Za-z0-9]*$'
[0.710s] 
[0.710s] Call Stack (most recent call first):
[0.710s]   /opt/ros/kilted/share/rosidl_cmake/cmake/rosidl_generate_interfaces.cmake:132 (rosidl_adapt_interfaces)
[0.711s]   CMakeLists.txt:15 (rosidl_generate_interfaces)
[0.711s] 
[0.711s] [0m
[0.712s] -- Configuring incomplete, errors occurred!
[0.717s] Invoked command in '/home/lalit/Documents/dev/scratchpad/ros-playground/shankar_bot_ws/build/bot_interfaces' returned '1': CMAKE_PREFIX_PATH=${CMAKE_PREFIX_PATH}:/opt/ros/kilted /usr/bin/cmake /home/lalit/Documents/dev/scratchpad/ros-playground/shankar_bot_ws/src/bot_interfaces -DCMAKE_INSTALL_PREFIX=/home/lalit/Documents/dev/scratchpad/ros-playground/shankar_bot_ws/install/bot_interfaces
