[1.388s] Invoking command in '/home/lalit/Documents/dev/scratchpad/ros-playground/shankar_bot_ws/build/pkg1': PYTHONPATH=/home/lalit/Documents/dev/scratchpad/ros-playground/shankar_bot_ws/build/pkg1/prefix_override:/usr/lib/python3/dist-packages/colcon_core/task/python/colcon_distutils_commands:/home/lalit/Documents/dev/scratchpad/ros-playground/shankar_bot_ws/install/pkg1/lib/python3.12/site-packages:${PYTHONPATH} /usr/bin/python3 -W ignore:setup.py install is deprecated -W ignore:easy_install command is deprecated setup.py develop --uninstall --editable --build-directory /home/lalit/Documents/dev/scratchpad/ros-playground/shankar_bot_ws/build/pkg1/build
[1.928s] running develop
[2.290s] Removing /home/lalit/Documents/dev/scratchpad/ros-playground/shankar_bot_ws/install/pkg1/lib/python3.12/site-packages/pkg1.egg-link (link to .)
[2.339s] Invoked command in '/home/lalit/Documents/dev/scratchpad/ros-playground/shankar_bot_ws/build/pkg1' returned '0': PYTHONPATH=/home/lalit/Documents/dev/scratchpad/ros-playground/shankar_bot_ws/build/pkg1/prefix_override:/usr/lib/python3/dist-packages/colcon_core/task/python/colcon_distutils_commands:/home/lalit/Documents/dev/scratchpad/ros-playground/shankar_bot_ws/install/pkg1/lib/python3.12/site-packages:${PYTHONPATH} /usr/bin/python3 -W ignore:setup.py install is deprecated -W ignore:easy_install command is deprecated setup.py develop --uninstall --editable --build-directory /home/lalit/Documents/dev/scratchpad/ros-playground/shankar_bot_ws/build/pkg1/build
[2.342s] Invoking command in '/home/lalit/Documents/dev/scratchpad/ros-playground/shankar_bot_ws/src/pkg1': PYTHONPATH=/home/lalit/Documents/dev/scratchpad/ros-playground/shankar_bot_ws/build/pkg1/prefix_override:/usr/lib/python3/dist-packages/colcon_core/task/python/colcon_distutils_commands:/home/lalit/Documents/dev/scratchpad/ros-playground/shankar_bot_ws/install/pkg1/lib/python3.12/site-packages:${PYTHONPATH} /usr/bin/python3 -W ignore:setup.py install is deprecated -W ignore:easy_install command is deprecated setup.py egg_info --egg-base ../../build/pkg1 build --build-base /home/lalit/Documents/dev/scratchpad/ros-playground/shankar_bot_ws/build/pkg1/build install --record /home/lalit/Documents/dev/scratchpad/ros-playground/shankar_bot_ws/build/pkg1/install.log --single-version-externally-managed install_data --force
[2.798s] running egg_info
[2.833s] writing ../../build/pkg1/pkg1.egg-info/PKG-INFO
[2.833s] writing dependency_links to ../../build/pkg1/pkg1.egg-info/dependency_links.txt
[2.834s] writing entry points to ../../build/pkg1/pkg1.egg-info/entry_points.txt
[2.834s] writing requirements to ../../build/pkg1/pkg1.egg-info/requires.txt
[2.834s] writing top-level names to ../../build/pkg1/pkg1.egg-info/top_level.txt
[2.902s] reading manifest file '../../build/pkg1/pkg1.egg-info/SOURCES.txt'
[2.904s] writing manifest file '../../build/pkg1/pkg1.egg-info/SOURCES.txt'
[2.904s] running build
[2.905s] running build_py
[2.905s] copying pkg1/__init__.py -> /home/lalit/Documents/dev/scratchpad/ros-playground/shankar_bot_ws/build/pkg1/build/lib/pkg1
[2.905s] running install
[2.917s] running install_lib
[2.951s] copying /home/lalit/Documents/dev/scratchpad/ros-playground/shankar_bot_ws/build/pkg1/build/lib/pkg1/mynode.py -> /home/lalit/Documents/dev/scratchpad/ros-playground/shankar_bot_ws/install/pkg1/lib/python3.12/site-packages/pkg1
[2.952s] copying /home/lalit/Documents/dev/scratchpad/ros-playground/shankar_bot_ws/build/pkg1/build/lib/pkg1/__init__.py -> /home/lalit/Documents/dev/scratchpad/ros-playground/shankar_bot_ws/install/pkg1/lib/python3.12/site-packages/pkg1
[2.952s] byte-compiling /home/lalit/Documents/dev/scratchpad/ros-playground/shankar_bot_ws/install/pkg1/lib/python3.12/site-packages/pkg1/mynode.py to mynode.cpython-312.pyc
[2.953s] byte-compiling /home/lalit/Documents/dev/scratchpad/ros-playground/shankar_bot_ws/install/pkg1/lib/python3.12/site-packages/pkg1/__init__.py to __init__.cpython-312.pyc
[2.953s] running install_data
[2.954s] copying resource/pkg1 -> /home/lalit/Documents/dev/scratchpad/ros-playground/shankar_bot_ws/install/pkg1/share/ament_index/resource_index/packages
[2.954s] copying package.xml -> /home/lalit/Documents/dev/scratchpad/ros-playground/shankar_bot_ws/install/pkg1/share/pkg1
[2.954s] running install_egg_info
[2.989s] Copying ../../build/pkg1/pkg1.egg-info to /home/lalit/Documents/dev/scratchpad/ros-playground/shankar_bot_ws/install/pkg1/lib/python3.12/site-packages/pkg1-0.0.0-py3.12.egg-info
[2.991s] running install_scripts
[3.224s] Installing test_node script to /home/lalit/Documents/dev/scratchpad/ros-playground/shankar_bot_ws/install/pkg1/lib/pkg1
[3.225s] writing list of installed files to '/home/lalit/Documents/dev/scratchpad/ros-playground/shankar_bot_ws/build/pkg1/install.log'
[3.269s] Invoked command in '/home/lalit/Documents/dev/scratchpad/ros-playground/shankar_bot_ws/src/pkg1' returned '0': PYTHONPATH=/home/lalit/Documents/dev/scratchpad/ros-playground/shankar_bot_ws/build/pkg1/prefix_override:/usr/lib/python3/dist-packages/colcon_core/task/python/colcon_distutils_commands:/home/lalit/Documents/dev/scratchpad/ros-playground/shankar_bot_ws/install/pkg1/lib/python3.12/site-packages:${PYTHONPATH} /usr/bin/python3 -W ignore:setup.py install is deprecated -W ignore:easy_install command is deprecated setup.py egg_info --egg-base ../../build/pkg1 build --build-base /home/lalit/Documents/dev/scratchpad/ros-playground/shankar_bot_ws/build/pkg1/build install --record /home/lalit/Documents/dev/scratchpad/ros-playground/shankar_bot_ws/build/pkg1/install.log --single-version-externally-managed install_data --force
