[  2%] Built target bot_interfaces__rosidl_generator_type_description
[  2%] Built target ament_cmake_python_symlink_bot_interfaces
[  4%] Built target bot_interfaces__cpp
[ 22%] Built target bot_interfaces__rosidl_generator_c
[ 50%] Built target bot_interfaces__rosidl_typesupport_c
[ 50%] Built target bot_interfaces__rosidl_typesupport_cpp
[ 50%] Built target bot_interfaces__rosidl_typesupport_introspection_c
[ 65%] Built target bot_interfaces__rosidl_typesupport_fastrtps_cpp
[ 70%] Built target bot_interfaces__rosidl_typesupport_fastrtps_c
[ 77%] Built target bot_interfaces__rosidl_typesupport_introspection_cpp
[ 77%] Built target bot_interfaces
[ 79%] Built target bot_interfaces__py
[ 86%] Built target bot_interfaces__rosidl_generator_py
[ 90%] Built target bot_interfaces_s__rosidl_typesupport_introspection_c
[ 95%] Built target bot_interfaces_s__rosidl_typesupport_c
[100%] Built target bot_interfaces_s__rosidl_typesupport_fastrtps_c
running egg_info
writing bot_interfaces.egg-info/PKG-INFO
writing dependency_links to bot_interfaces.egg-info/dependency_links.txt
writing top-level names to bot_interfaces.egg-info/top_level.txt
reading manifest file 'bot_interfaces.egg-info/SOURCES.txt'
writing manifest file 'bot_interfaces.egg-info/SOURCES.txt'
[100%] Built target ament_cmake_python_build_bot_interfaces_egg
-- Install configuration: ""
-- Execute custom install script
-- Up-to-date symlink: /home/lalit/Documents/dev/scratchpad/ros-playground/shankar_bot_ws/install/bot_interfaces/share/ament_index/resource_index/rosidl_interfaces/bot_interfaces
-- Up-to-date symlink: /home/lalit/Documents/dev/scratchpad/ros-playground/shankar_bot_ws/install/bot_interfaces/share/bot_interfaces/msg/HardwareStatus.json
-- Up-to-date symlink: /home/lalit/Documents/dev/scratchpad/ros-playground/shankar_bot_ws/install/bot_interfaces/share/bot_interfaces/srv/ResetCounter.json
-- Up-to-date symlink: /home/lalit/Documents/dev/scratchpad/ros-playground/shankar_bot_ws/install/bot_interfaces/include/bot_interfaces/bot_interfaces/msg/detail/hardware_status__functions.h
-- Up-to-date symlink: /home/lalit/Documents/dev/scratchpad/ros-playground/shankar_bot_ws/install/bot_interfaces/include/bot_interfaces/bot_interfaces/msg/detail/hardware_status__struct.h
-- Up-to-date symlink: /home/lalit/Documents/dev/scratchpad/ros-playground/shankar_bot_ws/install/bot_interfaces/include/bot_interfaces/bot_interfaces/msg/detail/hardware_status__type_support.h
-- Up-to-date symlink: /home/lalit/Documents/dev/scratchpad/ros-playground/shankar_bot_ws/install/bot_interfaces/include/bot_interfaces/bot_interfaces/msg/hardware_status.h
-- Up-to-date symlink: /home/lalit/Documents/dev/scratchpad/ros-playground/shankar_bot_ws/install/bot_interfaces/include/bot_interfaces/bot_interfaces/msg/rosidl_generator_c__visibility_control.h
-- Up-to-date symlink: /home/lalit/Documents/dev/scratchpad/ros-playground/shankar_bot_ws/install/bot_interfaces/include/bot_interfaces/bot_interfaces/srv/detail/reset_counter__functions.h
-- Up-to-date symlink: /home/lalit/Documents/dev/scratchpad/ros-playground/shankar_bot_ws/install/bot_interfaces/include/bot_interfaces/bot_interfaces/srv/detail/reset_counter__struct.h
-- Up-to-date symlink: /home/lalit/Documents/dev/scratchpad/ros-playground/shankar_bot_ws/install/bot_interfaces/include/bot_interfaces/bot_interfaces/srv/detail/reset_counter__type_support.h
-- Up-to-date symlink: /home/lalit/Documents/dev/scratchpad/ros-playground/shankar_bot_ws/install/bot_interfaces/include/bot_interfaces/bot_interfaces/srv/reset_counter.h
-- Up-to-date symlink: /home/lalit/Documents/dev/scratchpad/ros-playground/shankar_bot_ws/install/bot_interfaces/share/bot_interfaces/environment/library_path.sh
-- Up-to-date symlink: /home/lalit/Documents/dev/scratchpad/ros-playground/shankar_bot_ws/install/bot_interfaces/share/bot_interfaces/environment/library_path.dsv
-- Up-to-date symlink: /home/lalit/Documents/dev/scratchpad/ros-playground/shankar_bot_ws/install/bot_interfaces/include/bot_interfaces/bot_interfaces/msg/detail/hardware_status__rosidl_typesupport_fastrtps_c.h
-- Up-to-date symlink: /home/lalit/Documents/dev/scratchpad/ros-playground/shankar_bot_ws/install/bot_interfaces/include/bot_interfaces/bot_interfaces/msg/rosidl_typesupport_fastrtps_c__visibility_control.h
-- Up-to-date symlink: /home/lalit/Documents/dev/scratchpad/ros-playground/shankar_bot_ws/install/bot_interfaces/include/bot_interfaces/bot_interfaces/srv/detail/reset_counter__rosidl_typesupport_fastrtps_c.h
-- Up-to-date symlink: /home/lalit/Documents/dev/scratchpad/ros-playground/shankar_bot_ws/install/bot_interfaces/include/bot_interfaces/bot_interfaces/msg/detail/hardware_status__rosidl_typesupport_introspection_c.h
-- Up-to-date symlink: /home/lalit/Documents/dev/scratchpad/ros-playground/shankar_bot_ws/install/bot_interfaces/include/bot_interfaces/bot_interfaces/msg/rosidl_typesupport_introspection_c__visibility_control.h
-- Up-to-date symlink: /home/lalit/Documents/dev/scratchpad/ros-playground/shankar_bot_ws/install/bot_interfaces/include/bot_interfaces/bot_interfaces/srv/detail/reset_counter__rosidl_typesupport_introspection_c.h
-- Up-to-date symlink: /home/lalit/Documents/dev/scratchpad/ros-playground/shankar_bot_ws/install/bot_interfaces/include/bot_interfaces/bot_interfaces/msg/detail/hardware_status__builder.hpp
-- Up-to-date symlink: /home/lalit/Documents/dev/scratchpad/ros-playground/shankar_bot_ws/install/bot_interfaces/include/bot_interfaces/bot_interfaces/msg/detail/hardware_status__struct.hpp
-- Up-to-date symlink: /home/lalit/Documents/dev/scratchpad/ros-playground/shankar_bot_ws/install/bot_interfaces/include/bot_interfaces/bot_interfaces/msg/detail/hardware_status__traits.hpp
-- Up-to-date symlink: /home/lalit/Documents/dev/scratchpad/ros-playground/shankar_bot_ws/install/bot_interfaces/include/bot_interfaces/bot_interfaces/msg/detail/hardware_status__type_support.hpp
-- Up-to-date symlink: /home/lalit/Documents/dev/scratchpad/ros-playground/shankar_bot_ws/install/bot_interfaces/include/bot_interfaces/bot_interfaces/msg/hardware_status.hpp
-- Up-to-date symlink: /home/lalit/Documents/dev/scratchpad/ros-playground/shankar_bot_ws/install/bot_interfaces/include/bot_interfaces/bot_interfaces/msg/rosidl_generator_cpp__visibility_control.hpp
-- Up-to-date symlink: /home/lalit/Documents/dev/scratchpad/ros-playground/shankar_bot_ws/install/bot_interfaces/include/bot_interfaces/bot_interfaces/srv/detail/reset_counter__builder.hpp
-- Up-to-date symlink: /home/lalit/Documents/dev/scratchpad/ros-playground/shankar_bot_ws/install/bot_interfaces/include/bot_interfaces/bot_interfaces/srv/detail/reset_counter__struct.hpp
-- Up-to-date symlink: /home/lalit/Documents/dev/scratchpad/ros-playground/shankar_bot_ws/install/bot_interfaces/include/bot_interfaces/bot_interfaces/srv/detail/reset_counter__traits.hpp
-- Up-to-date symlink: /home/lalit/Documents/dev/scratchpad/ros-playground/shankar_bot_ws/install/bot_interfaces/include/bot_interfaces/bot_interfaces/srv/detail/reset_counter__type_support.hpp
-- Up-to-date symlink: /home/lalit/Documents/dev/scratchpad/ros-playground/shankar_bot_ws/install/bot_interfaces/include/bot_interfaces/bot_interfaces/srv/reset_counter.hpp
-- Up-to-date symlink: /home/lalit/Documents/dev/scratchpad/ros-playground/shankar_bot_ws/install/bot_interfaces/include/bot_interfaces/bot_interfaces/msg/detail/hardware_status__rosidl_typesupport_fastrtps_cpp.hpp
-- Up-to-date symlink: /home/lalit/Documents/dev/scratchpad/ros-playground/shankar_bot_ws/install/bot_interfaces/include/bot_interfaces/bot_interfaces/msg/rosidl_typesupport_fastrtps_cpp__visibility_control.h
-- Up-to-date symlink: /home/lalit/Documents/dev/scratchpad/ros-playground/shankar_bot_ws/install/bot_interfaces/include/bot_interfaces/bot_interfaces/srv/detail/reset_counter__rosidl_typesupport_fastrtps_cpp.hpp
-- Up-to-date symlink: /home/lalit/Documents/dev/scratchpad/ros-playground/shankar_bot_ws/install/bot_interfaces/include/bot_interfaces/bot_interfaces/msg/detail/hardware_status__rosidl_typesupport_introspection_cpp.hpp
-- Up-to-date symlink: /home/lalit/Documents/dev/scratchpad/ros-playground/shankar_bot_ws/install/bot_interfaces/include/bot_interfaces/bot_interfaces/srv/detail/reset_counter__rosidl_typesupport_introspection_cpp.hpp
-- Up-to-date symlink: /home/lalit/Documents/dev/scratchpad/ros-playground/shankar_bot_ws/install/bot_interfaces/share/bot_interfaces/environment/pythonpath.sh
-- Up-to-date symlink: /home/lalit/Documents/dev/scratchpad/ros-playground/shankar_bot_ws/install/bot_interfaces/share/bot_interfaces/environment/pythonpath.dsv
-- Up-to-date symlink: /home/lalit/Documents/dev/scratchpad/ros-playground/shankar_bot_ws/install/bot_interfaces/lib/python3.12/site-packages/bot_interfaces-0.0.0-py3.12.egg-info/PKG-INFO
-- Up-to-date symlink: /home/lalit/Documents/dev/scratchpad/ros-playground/shankar_bot_ws/install/bot_interfaces/lib/python3.12/site-packages/bot_interfaces-0.0.0-py3.12.egg-info/SOURCES.txt
-- Up-to-date symlink: /home/lalit/Documents/dev/scratchpad/ros-playground/shankar_bot_ws/install/bot_interfaces/lib/python3.12/site-packages/bot_interfaces-0.0.0-py3.12.egg-info/dependency_links.txt
-- Up-to-date symlink: /home/lalit/Documents/dev/scratchpad/ros-playground/shankar_bot_ws/install/bot_interfaces/lib/python3.12/site-packages/bot_interfaces-0.0.0-py3.12.egg-info/top_level.txt
-- Up-to-date symlink: /home/lalit/Documents/dev/scratchpad/ros-playground/shankar_bot_ws/install/bot_interfaces/lib/python3.12/site-packages/bot_interfaces/__init__.py
-- Up-to-date symlink: /home/lalit/Documents/dev/scratchpad/ros-playground/shankar_bot_ws/install/bot_interfaces/lib/python3.12/site-packages/bot_interfaces/_bot_interfaces_s.ep.rosidl_typesupport_c.c
-- Up-to-date symlink: /home/lalit/Documents/dev/scratchpad/ros-playground/shankar_bot_ws/install/bot_interfaces/lib/python3.12/site-packages/bot_interfaces/_bot_interfaces_s.ep.rosidl_typesupport_fastrtps_c.c
-- Up-to-date symlink: /home/lalit/Documents/dev/scratchpad/ros-playground/shankar_bot_ws/install/bot_interfaces/lib/python3.12/site-packages/bot_interfaces/_bot_interfaces_s.ep.rosidl_typesupport_introspection_c.c
-- Up-to-date symlink: /home/lalit/Documents/dev/scratchpad/ros-playground/shankar_bot_ws/install/bot_interfaces/lib/python3.12/site-packages/bot_interfaces/bot_interfaces_s__rosidl_typesupport_c.so
-- Up-to-date symlink: /home/lalit/Documents/dev/scratchpad/ros-playground/shankar_bot_ws/install/bot_interfaces/lib/python3.12/site-packages/bot_interfaces/bot_interfaces_s__rosidl_typesupport_fastrtps_c.so
-- Up-to-date symlink: /home/lalit/Documents/dev/scratchpad/ros-playground/shankar_bot_ws/install/bot_interfaces/lib/python3.12/site-packages/bot_interfaces/bot_interfaces_s__rosidl_typesupport_introspection_c.so
-- Up-to-date symlink: /home/lalit/Documents/dev/scratchpad/ros-playground/shankar_bot_ws/install/bot_interfaces/lib/python3.12/site-packages/bot_interfaces/msg/__init__.py
-- Up-to-date symlink: /home/lalit/Documents/dev/scratchpad/ros-playground/shankar_bot_ws/install/bot_interfaces/lib/python3.12/site-packages/bot_interfaces/msg/_hardware_status.py
-- Up-to-date symlink: /home/lalit/Documents/dev/scratchpad/ros-playground/shankar_bot_ws/install/bot_interfaces/lib/python3.12/site-packages/bot_interfaces/msg/_hardware_status_s.c
-- Up-to-date symlink: /home/lalit/Documents/dev/scratchpad/ros-playground/shankar_bot_ws/install/bot_interfaces/lib/python3.12/site-packages/bot_interfaces/srv/__init__.py
-- Up-to-date symlink: /home/lalit/Documents/dev/scratchpad/ros-playground/shankar_bot_ws/install/bot_interfaces/lib/python3.12/site-packages/bot_interfaces/srv/_reset_counter.py
-- Up-to-date symlink: /home/lalit/Documents/dev/scratchpad/ros-playground/shankar_bot_ws/install/bot_interfaces/lib/python3.12/site-packages/bot_interfaces/srv/_reset_counter_s.c
-- Up-to-date symlink: /home/lalit/Documents/dev/scratchpad/ros-playground/shankar_bot_ws/install/bot_interfaces/lib/python3.12/site-packages/bot_interfaces/bot_interfaces_s__rosidl_typesupport_fastrtps_c.so
-- Up-to-date symlink: /home/lalit/Documents/dev/scratchpad/ros-playground/shankar_bot_ws/install/bot_interfaces/lib/python3.12/site-packages/bot_interfaces/bot_interfaces_s__rosidl_typesupport_introspection_c.so
-- Up-to-date symlink: /home/lalit/Documents/dev/scratchpad/ros-playground/shankar_bot_ws/install/bot_interfaces/lib/python3.12/site-packages/bot_interfaces/bot_interfaces_s__rosidl_typesupport_c.so
-- Up-to-date symlink: /home/lalit/Documents/dev/scratchpad/ros-playground/shankar_bot_ws/install/bot_interfaces/share/bot_interfaces/msg/HardwareStatus.idl
-- Up-to-date symlink: /home/lalit/Documents/dev/scratchpad/ros-playground/shankar_bot_ws/install/bot_interfaces/share/bot_interfaces/srv/ResetCounter.idl
-- Up-to-date symlink: /home/lalit/Documents/dev/scratchpad/ros-playground/shankar_bot_ws/install/bot_interfaces/share/bot_interfaces/msg/HardwareStatus.msg
-- Up-to-date symlink: /home/lalit/Documents/dev/scratchpad/ros-playground/shankar_bot_ws/install/bot_interfaces/share/bot_interfaces/srv/ResetCounter.srv
-- Up-to-date symlink: /home/lalit/Documents/dev/scratchpad/ros-playground/shankar_bot_ws/install/bot_interfaces/share/ament_index/resource_index/package_run_dependencies/bot_interfaces
-- Up-to-date symlink: /home/lalit/Documents/dev/scratchpad/ros-playground/shankar_bot_ws/install/bot_interfaces/share/ament_index/resource_index/parent_prefix_path/bot_interfaces
-- Up-to-date symlink: /home/lalit/Documents/dev/scratchpad/ros-playground/shankar_bot_ws/install/bot_interfaces/share/bot_interfaces/environment/ament_prefix_path.sh
-- Up-to-date symlink: /home/lalit/Documents/dev/scratchpad/ros-playground/shankar_bot_ws/install/bot_interfaces/share/bot_interfaces/environment/ament_prefix_path.dsv
-- Up-to-date symlink: /home/lalit/Documents/dev/scratchpad/ros-playground/shankar_bot_ws/install/bot_interfaces/share/bot_interfaces/environment/path.sh
-- Up-to-date symlink: /home/lalit/Documents/dev/scratchpad/ros-playground/shankar_bot_ws/install/bot_interfaces/share/bot_interfaces/environment/path.dsv
-- Up-to-date symlink: /home/lalit/Documents/dev/scratchpad/ros-playground/shankar_bot_ws/install/bot_interfaces/share/bot_interfaces/local_setup.bash
-- Up-to-date symlink: /home/lalit/Documents/dev/scratchpad/ros-playground/shankar_bot_ws/install/bot_interfaces/share/bot_interfaces/local_setup.sh
-- Up-to-date symlink: /home/lalit/Documents/dev/scratchpad/ros-playground/shankar_bot_ws/install/bot_interfaces/share/bot_interfaces/local_setup.zsh
-- Up-to-date symlink: /home/lalit/Documents/dev/scratchpad/ros-playground/shankar_bot_ws/install/bot_interfaces/share/bot_interfaces/local_setup.dsv
-- Symlinking: /home/lalit/Documents/dev/scratchpad/ros-playground/shankar_bot_ws/install/bot_interfaces/share/bot_interfaces/package.dsv
-- Up-to-date symlink: /home/lalit/Documents/dev/scratchpad/ros-playground/shankar_bot_ws/install/bot_interfaces/share/ament_index/resource_index/packages/bot_interfaces
-- Up-to-date symlink: /home/lalit/Documents/dev/scratchpad/ros-playground/shankar_bot_ws/install/bot_interfaces/share/bot_interfaces/cmake/rosidl_cmake-extras.cmake
-- Up-to-date symlink: /home/lalit/Documents/dev/scratchpad/ros-playground/shankar_bot_ws/install/bot_interfaces/share/bot_interfaces/cmake/ament_cmake_export_dependencies-extras.cmake
-- Up-to-date symlink: /home/lalit/Documents/dev/scratchpad/ros-playground/shankar_bot_ws/install/bot_interfaces/share/bot_interfaces/cmake/ament_cmake_export_include_directories-extras.cmake
-- Up-to-date symlink: /home/lalit/Documents/dev/scratchpad/ros-playground/shankar_bot_ws/install/bot_interfaces/share/bot_interfaces/cmake/ament_cmake_export_libraries-extras.cmake
-- Up-to-date symlink: /home/lalit/Documents/dev/scratchpad/ros-playground/shankar_bot_ws/install/bot_interfaces/share/bot_interfaces/cmake/ament_cmake_export_targets-extras.cmake
-- Up-to-date symlink: /home/lalit/Documents/dev/scratchpad/ros-playground/shankar_bot_ws/install/bot_interfaces/share/bot_interfaces/cmake/rosidl_cmake_export_typesupport_targets-extras.cmake
-- Up-to-date symlink: /home/lalit/Documents/dev/scratchpad/ros-playground/shankar_bot_ws/install/bot_interfaces/share/bot_interfaces/cmake/rosidl_cmake_export_typesupport_libraries-extras.cmake
-- Up-to-date symlink: /home/lalit/Documents/dev/scratchpad/ros-playground/shankar_bot_ws/install/bot_interfaces/share/bot_interfaces/cmake/bot_interfacesConfig.cmake
-- Up-to-date symlink: /home/lalit/Documents/dev/scratchpad/ros-playground/shankar_bot_ws/install/bot_interfaces/share/bot_interfaces/cmake/bot_interfacesConfig-version.cmake
-- Up-to-date symlink: /home/lalit/Documents/dev/scratchpad/ros-playground/shankar_bot_ws/install/bot_interfaces/share/bot_interfaces/package.xml
-- Up-to-date: /home/lalit/Documents/dev/scratchpad/ros-playground/shankar_bot_ws/install/bot_interfaces/lib/libbot_interfaces__rosidl_generator_c.so
-- Up-to-date: /home/lalit/Documents/dev/scratchpad/ros-playground/shankar_bot_ws/install/bot_interfaces/lib/libbot_interfaces__rosidl_typesupport_fastrtps_c.so
-- Up-to-date: /home/lalit/Documents/dev/scratchpad/ros-playground/shankar_bot_ws/install/bot_interfaces/lib/libbot_interfaces__rosidl_typesupport_introspection_c.so
-- Up-to-date: /home/lalit/Documents/dev/scratchpad/ros-playground/shankar_bot_ws/install/bot_interfaces/lib/libbot_interfaces__rosidl_typesupport_c.so
-- Up-to-date: /home/lalit/Documents/dev/scratchpad/ros-playground/shankar_bot_ws/install/bot_interfaces/lib/libbot_interfaces__rosidl_typesupport_fastrtps_cpp.so
-- Up-to-date: /home/lalit/Documents/dev/scratchpad/ros-playground/shankar_bot_ws/install/bot_interfaces/lib/libbot_interfaces__rosidl_typesupport_introspection_cpp.so
-- Up-to-date: /home/lalit/Documents/dev/scratchpad/ros-playground/shankar_bot_ws/install/bot_interfaces/lib/libbot_interfaces__rosidl_typesupport_cpp.so
Listing '/home/lalit/Documents/dev/scratchpad/ros-playground/shankar_bot_ws/install/bot_interfaces/lib/python3.12/site-packages/bot_interfaces'...
Listing '/home/lalit/Documents/dev/scratchpad/ros-playground/shankar_bot_ws/install/bot_interfaces/lib/python3.12/site-packages/bot_interfaces/msg'...
Listing '/home/lalit/Documents/dev/scratchpad/ros-playground/shankar_bot_ws/install/bot_interfaces/lib/python3.12/site-packages/bot_interfaces/srv'...
-- Up-to-date: /home/lalit/Documents/dev/scratchpad/ros-playground/shankar_bot_ws/install/bot_interfaces/lib/libbot_interfaces__rosidl_generator_py.so
-- Up-to-date: /home/lalit/Documents/dev/scratchpad/ros-playground/shankar_bot_ws/install/bot_interfaces/share/bot_interfaces/cmake/export_bot_interfaces__rosidl_generator_cExport.cmake
-- Up-to-date: /home/lalit/Documents/dev/scratchpad/ros-playground/shankar_bot_ws/install/bot_interfaces/share/bot_interfaces/cmake/export_bot_interfaces__rosidl_generator_cExport-noconfig.cmake
-- Up-to-date: /home/lalit/Documents/dev/scratchpad/ros-playground/shankar_bot_ws/install/bot_interfaces/share/bot_interfaces/cmake/export_bot_interfaces__rosidl_typesupport_fastrtps_cExport.cmake
-- Up-to-date: /home/lalit/Documents/dev/scratchpad/ros-playground/shankar_bot_ws/install/bot_interfaces/share/bot_interfaces/cmake/export_bot_interfaces__rosidl_typesupport_fastrtps_cExport-noconfig.cmake
-- Up-to-date: /home/lalit/Documents/dev/scratchpad/ros-playground/shankar_bot_ws/install/bot_interfaces/share/bot_interfaces/cmake/bot_interfaces__rosidl_typesupport_introspection_cExport.cmake
-- Up-to-date: /home/lalit/Documents/dev/scratchpad/ros-playground/shankar_bot_ws/install/bot_interfaces/share/bot_interfaces/cmake/bot_interfaces__rosidl_typesupport_introspection_cExport-noconfig.cmake
-- Up-to-date: /home/lalit/Documents/dev/scratchpad/ros-playground/shankar_bot_ws/install/bot_interfaces/share/bot_interfaces/cmake/bot_interfaces__rosidl_typesupport_cExport.cmake
-- Up-to-date: /home/lalit/Documents/dev/scratchpad/ros-playground/shankar_bot_ws/install/bot_interfaces/share/bot_interfaces/cmake/bot_interfaces__rosidl_typesupport_cExport-noconfig.cmake
-- Up-to-date: /home/lalit/Documents/dev/scratchpad/ros-playground/shankar_bot_ws/install/bot_interfaces/share/bot_interfaces/cmake/export_bot_interfaces__rosidl_generator_cppExport.cmake
-- Up-to-date: /home/lalit/Documents/dev/scratchpad/ros-playground/shankar_bot_ws/install/bot_interfaces/share/bot_interfaces/cmake/export_bot_interfaces__rosidl_typesupport_fastrtps_cppExport.cmake
-- Up-to-date: /home/lalit/Documents/dev/scratchpad/ros-playground/shankar_bot_ws/install/bot_interfaces/share/bot_interfaces/cmake/export_bot_interfaces__rosidl_typesupport_fastrtps_cppExport-noconfig.cmake
-- Up-to-date: /home/lalit/Documents/dev/scratchpad/ros-playground/shankar_bot_ws/install/bot_interfaces/share/bot_interfaces/cmake/bot_interfaces__rosidl_typesupport_introspection_cppExport.cmake
-- Up-to-date: /home/lalit/Documents/dev/scratchpad/ros-playground/shankar_bot_ws/install/bot_interfaces/share/bot_interfaces/cmake/bot_interfaces__rosidl_typesupport_introspection_cppExport-noconfig.cmake
-- Up-to-date: /home/lalit/Documents/dev/scratchpad/ros-playground/shankar_bot_ws/install/bot_interfaces/share/bot_interfaces/cmake/bot_interfaces__rosidl_typesupport_cppExport.cmake
-- Up-to-date: /home/lalit/Documents/dev/scratchpad/ros-playground/shankar_bot_ws/install/bot_interfaces/share/bot_interfaces/cmake/bot_interfaces__rosidl_typesupport_cppExport-noconfig.cmake
-- Up-to-date: /home/lalit/Documents/dev/scratchpad/ros-playground/shankar_bot_ws/install/bot_interfaces/share/bot_interfaces/cmake/export_bot_interfaces__rosidl_generator_pyExport.cmake
-- Up-to-date: /home/lalit/Documents/dev/scratchpad/ros-playground/shankar_bot_ws/install/bot_interfaces/share/bot_interfaces/cmake/export_bot_interfaces__rosidl_generator_pyExport-noconfig.cmake
