[0.014s] Invoking command in '/home/lalit/Documents/dev/scratchpad/ros-playground/shankar_bot_ws/build/bot_interfaces': CMAKE_PREFIX_PATH=${CMAKE_PREFIX_PATH}:/home/lalit/Documents/dev/scratchpad/ros-playground/shankar_bot_ws/install/pkg1:/opt/ros/kilted /usr/bin/cmake --build /home/lalit/Documents/dev/scratchpad/ros-playground/shankar_bot_ws/build/bot_interfaces -- -j8 -l8
[0.080s] [  2%] Built target bot_interfaces__rosidl_generator_type_description
[0.091s] [  2%] Built target ament_cmake_python_symlink_bot_interfaces
[0.109s] [  4%] Built target bot_interfaces__cpp
[0.110s] [ 22%] Built target bot_interfaces__rosidl_generator_c
[0.161s] [ 50%] Built target bot_interfaces__rosidl_typesupport_c
[0.162s] [ 50%] Built target bot_interfaces__rosidl_typesupport_cpp
[0.163s] [ 50%] Built target bot_interfaces__rosidl_typesupport_introspection_c
[0.163s] [ 65%] Built target bot_interfaces__rosidl_typesupport_fastrtps_cpp
[0.164s] [ 70%] Built target bot_interfaces__rosidl_typesupport_fastrtps_c
[0.164s] [ 77%] Built target bot_interfaces__rosidl_typesupport_introspection_cpp
[0.190s] [ 77%] Built target bot_interfaces
[0.223s] [ 79%] Built target bot_interfaces__py
[0.258s] [ 86%] Built target bot_interfaces__rosidl_generator_py
[0.292s] [ 90%] Built target bot_interfaces_s__rosidl_typesupport_introspection_c
[0.297s] [ 95%] Built target bot_interfaces_s__rosidl_typesupport_c
[0.298s] [100%] Built target bot_interfaces_s__rosidl_typesupport_fastrtps_c
[0.399s] running egg_info
[0.423s] writing bot_interfaces.egg-info/PKG-INFO
[0.423s] writing dependency_links to bot_interfaces.egg-info/dependency_links.txt
[0.423s] writing top-level names to bot_interfaces.egg-info/top_level.txt
[0.483s] reading manifest file 'bot_interfaces.egg-info/SOURCES.txt'
[0.484s] writing manifest file 'bot_interfaces.egg-info/SOURCES.txt'
[0.516s] [100%] Built target ament_cmake_python_build_bot_interfaces_egg
[0.533s] Invoked command in '/home/lalit/Documents/dev/scratchpad/ros-playground/shankar_bot_ws/build/bot_interfaces' returned '0': CMAKE_PREFIX_PATH=${CMAKE_PREFIX_PATH}:/home/lalit/Documents/dev/scratchpad/ros-playground/shankar_bot_ws/install/pkg1:/opt/ros/kilted /usr/bin/cmake --build /home/lalit/Documents/dev/scratchpad/ros-playground/shankar_bot_ws/build/bot_interfaces -- -j8 -l8
[0.547s] Invoking command in '/home/lalit/Documents/dev/scratchpad/ros-playground/shankar_bot_ws/build/bot_interfaces': CMAKE_PREFIX_PATH=${CMAKE_PREFIX_PATH}:/home/lalit/Documents/dev/scratchpad/ros-playground/shankar_bot_ws/install/pkg1:/opt/ros/kilted /usr/bin/cmake --install /home/lalit/Documents/dev/scratchpad/ros-playground/shankar_bot_ws/build/bot_interfaces
[0.559s] -- Install configuration: ""
[0.560s] -- Execute custom install script
[0.560s] -- Up-to-date symlink: /home/lalit/Documents/dev/scratchpad/ros-playground/shankar_bot_ws/install/bot_interfaces/share/ament_index/resource_index/rosidl_interfaces/bot_interfaces
[0.560s] -- Up-to-date symlink: /home/lalit/Documents/dev/scratchpad/ros-playground/shankar_bot_ws/install/bot_interfaces/share/bot_interfaces/msg/HardwareStatus.json
[0.561s] -- Up-to-date symlink: /home/lalit/Documents/dev/scratchpad/ros-playground/shankar_bot_ws/install/bot_interfaces/share/bot_interfaces/srv/ResetCounter.json
[0.561s] -- Up-to-date symlink: /home/lalit/Documents/dev/scratchpad/ros-playground/shankar_bot_ws/install/bot_interfaces/include/bot_interfaces/bot_interfaces/msg/detail/hardware_status__functions.h
[0.561s] -- Up-to-date symlink: /home/lalit/Documents/dev/scratchpad/ros-playground/shankar_bot_ws/install/bot_interfaces/include/bot_interfaces/bot_interfaces/msg/detail/hardware_status__struct.h
[0.562s] -- Up-to-date symlink: /home/lalit/Documents/dev/scratchpad/ros-playground/shankar_bot_ws/install/bot_interfaces/include/bot_interfaces/bot_interfaces/msg/detail/hardware_status__type_support.h
[0.562s] -- Up-to-date symlink: /home/lalit/Documents/dev/scratchpad/ros-playground/shankar_bot_ws/install/bot_interfaces/include/bot_interfaces/bot_interfaces/msg/hardware_status.h
[0.562s] -- Up-to-date symlink: /home/lalit/Documents/dev/scratchpad/ros-playground/shankar_bot_ws/install/bot_interfaces/include/bot_interfaces/bot_interfaces/msg/rosidl_generator_c__visibility_control.h
[0.562s] -- Up-to-date symlink: /home/lalit/Documents/dev/scratchpad/ros-playground/shankar_bot_ws/install/bot_interfaces/include/bot_interfaces/bot_interfaces/srv/detail/reset_counter__functions.h
[0.563s] -- Up-to-date symlink: /home/lalit/Documents/dev/scratchpad/ros-playground/shankar_bot_ws/install/bot_interfaces/include/bot_interfaces/bot_interfaces/srv/detail/reset_counter__struct.h
[0.563s] -- Up-to-date symlink: /home/lalit/Documents/dev/scratchpad/ros-playground/shankar_bot_ws/install/bot_interfaces/include/bot_interfaces/bot_interfaces/srv/detail/reset_counter__type_support.h
[0.563s] -- Up-to-date symlink: /home/lalit/Documents/dev/scratchpad/ros-playground/shankar_bot_ws/install/bot_interfaces/include/bot_interfaces/bot_interfaces/srv/reset_counter.h
[0.564s] -- Up-to-date symlink: /home/lalit/Documents/dev/scratchpad/ros-playground/shankar_bot_ws/install/bot_interfaces/share/bot_interfaces/environment/library_path.sh
[0.564s] -- Up-to-date symlink: /home/lalit/Documents/dev/scratchpad/ros-playground/shankar_bot_ws/install/bot_interfaces/share/bot_interfaces/environment/library_path.dsv
[0.565s] -- Up-to-date symlink: /home/lalit/Documents/dev/scratchpad/ros-playground/shankar_bot_ws/install/bot_interfaces/include/bot_interfaces/bot_interfaces/msg/detail/hardware_status__rosidl_typesupport_fastrtps_c.h
[0.565s] -- Up-to-date symlink: /home/lalit/Documents/dev/scratchpad/ros-playground/shankar_bot_ws/install/bot_interfaces/include/bot_interfaces/bot_interfaces/msg/rosidl_typesupport_fastrtps_c__visibility_control.h
[0.566s] -- Up-to-date symlink: /home/lalit/Documents/dev/scratchpad/ros-playground/shankar_bot_ws/install/bot_interfaces/include/bot_interfaces/bot_interfaces/srv/detail/reset_counter__rosidl_typesupport_fastrtps_c.h
[0.566s] -- Up-to-date symlink: /home/lalit/Documents/dev/scratchpad/ros-playground/shankar_bot_ws/install/bot_interfaces/include/bot_interfaces/bot_interfaces/msg/detail/hardware_status__rosidl_typesupport_introspection_c.h
[0.567s] -- Up-to-date symlink: /home/lalit/Documents/dev/scratchpad/ros-playground/shankar_bot_ws/install/bot_interfaces/include/bot_interfaces/bot_interfaces/msg/rosidl_typesupport_introspection_c__visibility_control.h
[0.567s] -- Up-to-date symlink: /home/lalit/Documents/dev/scratchpad/ros-playground/shankar_bot_ws/install/bot_interfaces/include/bot_interfaces/bot_interfaces/srv/detail/reset_counter__rosidl_typesupport_introspection_c.h
[0.568s] -- Up-to-date symlink: /home/lalit/Documents/dev/scratchpad/ros-playground/shankar_bot_ws/install/bot_interfaces/include/bot_interfaces/bot_interfaces/msg/detail/hardware_status__builder.hpp
[0.568s] -- Up-to-date symlink: /home/lalit/Documents/dev/scratchpad/ros-playground/shankar_bot_ws/install/bot_interfaces/include/bot_interfaces/bot_interfaces/msg/detail/hardware_status__struct.hpp
[0.568s] -- Up-to-date symlink: /home/lalit/Documents/dev/scratchpad/ros-playground/shankar_bot_ws/install/bot_interfaces/include/bot_interfaces/bot_interfaces/msg/detail/hardware_status__traits.hpp
[0.568s] -- Up-to-date symlink: /home/lalit/Documents/dev/scratchpad/ros-playground/shankar_bot_ws/install/bot_interfaces/include/bot_interfaces/bot_interfaces/msg/detail/hardware_status__type_support.hpp
[0.569s] -- Up-to-date symlink: /home/lalit/Documents/dev/scratchpad/ros-playground/shankar_bot_ws/install/bot_interfaces/include/bot_interfaces/bot_interfaces/msg/hardware_status.hpp
[0.569s] -- Up-to-date symlink: /home/lalit/Documents/dev/scratchpad/ros-playground/shankar_bot_ws/install/bot_interfaces/include/bot_interfaces/bot_interfaces/msg/rosidl_generator_cpp__visibility_control.hpp
[0.569s] -- Up-to-date symlink: /home/lalit/Documents/dev/scratchpad/ros-playground/shankar_bot_ws/install/bot_interfaces/include/bot_interfaces/bot_interfaces/srv/detail/reset_counter__builder.hpp
[0.569s] -- Up-to-date symlink: /home/lalit/Documents/dev/scratchpad/ros-playground/shankar_bot_ws/install/bot_interfaces/include/bot_interfaces/bot_interfaces/srv/detail/reset_counter__struct.hpp
[0.570s] -- Up-to-date symlink: /home/lalit/Documents/dev/scratchpad/ros-playground/shankar_bot_ws/install/bot_interfaces/include/bot_interfaces/bot_interfaces/srv/detail/reset_counter__traits.hpp
[0.570s] -- Up-to-date symlink: /home/lalit/Documents/dev/scratchpad/ros-playground/shankar_bot_ws/install/bot_interfaces/include/bot_interfaces/bot_interfaces/srv/detail/reset_counter__type_support.hpp
[0.570s] -- Up-to-date symlink: /home/lalit/Documents/dev/scratchpad/ros-playground/shankar_bot_ws/install/bot_interfaces/include/bot_interfaces/bot_interfaces/srv/reset_counter.hpp
[0.571s] -- Up-to-date symlink: /home/lalit/Documents/dev/scratchpad/ros-playground/shankar_bot_ws/install/bot_interfaces/include/bot_interfaces/bot_interfaces/msg/detail/hardware_status__rosidl_typesupport_fastrtps_cpp.hpp
[0.572s] -- Up-to-date symlink: /home/lalit/Documents/dev/scratchpad/ros-playground/shankar_bot_ws/install/bot_interfaces/include/bot_interfaces/bot_interfaces/msg/rosidl_typesupport_fastrtps_cpp__visibility_control.h
[0.572s] -- Up-to-date symlink: /home/lalit/Documents/dev/scratchpad/ros-playground/shankar_bot_ws/install/bot_interfaces/include/bot_interfaces/bot_interfaces/srv/detail/reset_counter__rosidl_typesupport_fastrtps_cpp.hpp
[0.572s] -- Up-to-date symlink: /home/lalit/Documents/dev/scratchpad/ros-playground/shankar_bot_ws/install/bot_interfaces/include/bot_interfaces/bot_interfaces/msg/detail/hardware_status__rosidl_typesupport_introspection_cpp.hpp
[0.572s] -- Up-to-date symlink: /home/lalit/Documents/dev/scratchpad/ros-playground/shankar_bot_ws/install/bot_interfaces/include/bot_interfaces/bot_interfaces/srv/detail/reset_counter__rosidl_typesupport_introspection_cpp.hpp
[0.573s] -- Up-to-date symlink: /home/lalit/Documents/dev/scratchpad/ros-playground/shankar_bot_ws/install/bot_interfaces/share/bot_interfaces/environment/pythonpath.sh
[0.573s] -- Up-to-date symlink: /home/lalit/Documents/dev/scratchpad/ros-playground/shankar_bot_ws/install/bot_interfaces/share/bot_interfaces/environment/pythonpath.dsv
[0.574s] -- Up-to-date symlink: /home/lalit/Documents/dev/scratchpad/ros-playground/shankar_bot_ws/install/bot_interfaces/lib/python3.12/site-packages/bot_interfaces-0.0.0-py3.12.egg-info/PKG-INFO
[0.574s] -- Up-to-date symlink: /home/lalit/Documents/dev/scratchpad/ros-playground/shankar_bot_ws/install/bot_interfaces/lib/python3.12/site-packages/bot_interfaces-0.0.0-py3.12.egg-info/SOURCES.txt
[0.574s] -- Up-to-date symlink: /home/lalit/Documents/dev/scratchpad/ros-playground/shankar_bot_ws/install/bot_interfaces/lib/python3.12/site-packages/bot_interfaces-0.0.0-py3.12.egg-info/dependency_links.txt
[0.574s] -- Up-to-date symlink: /home/lalit/Documents/dev/scratchpad/ros-playground/shankar_bot_ws/install/bot_interfaces/lib/python3.12/site-packages/bot_interfaces-0.0.0-py3.12.egg-info/top_level.txt
[0.575s] -- Up-to-date symlink: /home/lalit/Documents/dev/scratchpad/ros-playground/shankar_bot_ws/install/bot_interfaces/lib/python3.12/site-packages/bot_interfaces/__init__.py
[0.576s] -- Up-to-date symlink: /home/lalit/Documents/dev/scratchpad/ros-playground/shankar_bot_ws/install/bot_interfaces/lib/python3.12/site-packages/bot_interfaces/_bot_interfaces_s.ep.rosidl_typesupport_c.c
[0.576s] -- Up-to-date symlink: /home/lalit/Documents/dev/scratchpad/ros-playground/shankar_bot_ws/install/bot_interfaces/lib/python3.12/site-packages/bot_interfaces/_bot_interfaces_s.ep.rosidl_typesupport_fastrtps_c.c
[0.576s] -- Up-to-date symlink: /home/lalit/Documents/dev/scratchpad/ros-playground/shankar_bot_ws/install/bot_interfaces/lib/python3.12/site-packages/bot_interfaces/_bot_interfaces_s.ep.rosidl_typesupport_introspection_c.c
[0.576s] -- Up-to-date symlink: /home/lalit/Documents/dev/scratchpad/ros-playground/shankar_bot_ws/install/bot_interfaces/lib/python3.12/site-packages/bot_interfaces/bot_interfaces_s__rosidl_typesupport_c.so
[0.577s] -- Up-to-date symlink: /home/lalit/Documents/dev/scratchpad/ros-playground/shankar_bot_ws/install/bot_interfaces/lib/python3.12/site-packages/bot_interfaces/bot_interfaces_s__rosidl_typesupport_fastrtps_c.so
[0.577s] -- Up-to-date symlink: /home/lalit/Documents/dev/scratchpad/ros-playground/shankar_bot_ws/install/bot_interfaces/lib/python3.12/site-packages/bot_interfaces/bot_interfaces_s__rosidl_typesupport_introspection_c.so
[0.577s] -- Up-to-date symlink: /home/lalit/Documents/dev/scratchpad/ros-playground/shankar_bot_ws/install/bot_interfaces/lib/python3.12/site-packages/bot_interfaces/msg/__init__.py
[0.577s] -- Up-to-date symlink: /home/lalit/Documents/dev/scratchpad/ros-playground/shankar_bot_ws/install/bot_interfaces/lib/python3.12/site-packages/bot_interfaces/msg/_hardware_status.py
[0.578s] -- Up-to-date symlink: /home/lalit/Documents/dev/scratchpad/ros-playground/shankar_bot_ws/install/bot_interfaces/lib/python3.12/site-packages/bot_interfaces/msg/_hardware_status_s.c
[0.578s] -- Up-to-date symlink: /home/lalit/Documents/dev/scratchpad/ros-playground/shankar_bot_ws/install/bot_interfaces/lib/python3.12/site-packages/bot_interfaces/srv/__init__.py
[0.578s] -- Up-to-date symlink: /home/lalit/Documents/dev/scratchpad/ros-playground/shankar_bot_ws/install/bot_interfaces/lib/python3.12/site-packages/bot_interfaces/srv/_reset_counter.py
[0.578s] -- Up-to-date symlink: /home/lalit/Documents/dev/scratchpad/ros-playground/shankar_bot_ws/install/bot_interfaces/lib/python3.12/site-packages/bot_interfaces/srv/_reset_counter_s.c
[0.579s] -- Up-to-date symlink: /home/lalit/Documents/dev/scratchpad/ros-playground/shankar_bot_ws/install/bot_interfaces/lib/python3.12/site-packages/bot_interfaces/bot_interfaces_s__rosidl_typesupport_fastrtps_c.so
[0.579s] -- Up-to-date symlink: /home/lalit/Documents/dev/scratchpad/ros-playground/shankar_bot_ws/install/bot_interfaces/lib/python3.12/site-packages/bot_interfaces/bot_interfaces_s__rosidl_typesupport_introspection_c.so
[0.579s] -- Up-to-date symlink: /home/lalit/Documents/dev/scratchpad/ros-playground/shankar_bot_ws/install/bot_interfaces/lib/python3.12/site-packages/bot_interfaces/bot_interfaces_s__rosidl_typesupport_c.so
[0.580s] -- Up-to-date symlink: /home/lalit/Documents/dev/scratchpad/ros-playground/shankar_bot_ws/install/bot_interfaces/share/bot_interfaces/msg/HardwareStatus.idl
[0.580s] -- Up-to-date symlink: /home/lalit/Documents/dev/scratchpad/ros-playground/shankar_bot_ws/install/bot_interfaces/share/bot_interfaces/srv/ResetCounter.idl
[0.580s] -- Up-to-date symlink: /home/lalit/Documents/dev/scratchpad/ros-playground/shankar_bot_ws/install/bot_interfaces/share/bot_interfaces/msg/HardwareStatus.msg
[0.581s] -- Up-to-date symlink: /home/lalit/Documents/dev/scratchpad/ros-playground/shankar_bot_ws/install/bot_interfaces/share/bot_interfaces/srv/ResetCounter.srv
[0.581s] -- Up-to-date symlink: /home/lalit/Documents/dev/scratchpad/ros-playground/shankar_bot_ws/install/bot_interfaces/share/ament_index/resource_index/package_run_dependencies/bot_interfaces
[0.581s] -- Up-to-date symlink: /home/lalit/Documents/dev/scratchpad/ros-playground/shankar_bot_ws/install/bot_interfaces/share/ament_index/resource_index/parent_prefix_path/bot_interfaces
[0.581s] -- Up-to-date symlink: /home/lalit/Documents/dev/scratchpad/ros-playground/shankar_bot_ws/install/bot_interfaces/share/bot_interfaces/environment/ament_prefix_path.sh
[0.582s] -- Up-to-date symlink: /home/lalit/Documents/dev/scratchpad/ros-playground/shankar_bot_ws/install/bot_interfaces/share/bot_interfaces/environment/ament_prefix_path.dsv
[0.582s] -- Up-to-date symlink: /home/lalit/Documents/dev/scratchpad/ros-playground/shankar_bot_ws/install/bot_interfaces/share/bot_interfaces/environment/path.sh
[0.582s] -- Up-to-date symlink: /home/lalit/Documents/dev/scratchpad/ros-playground/shankar_bot_ws/install/bot_interfaces/share/bot_interfaces/environment/path.dsv
[0.582s] -- Up-to-date symlink: /home/lalit/Documents/dev/scratchpad/ros-playground/shankar_bot_ws/install/bot_interfaces/share/bot_interfaces/local_setup.bash
[0.583s] -- Up-to-date symlink: /home/lalit/Documents/dev/scratchpad/ros-playground/shankar_bot_ws/install/bot_interfaces/share/bot_interfaces/local_setup.sh
[0.583s] -- Up-to-date symlink: /home/lalit/Documents/dev/scratchpad/ros-playground/shankar_bot_ws/install/bot_interfaces/share/bot_interfaces/local_setup.zsh
[0.583s] -- Up-to-date symlink: /home/lalit/Documents/dev/scratchpad/ros-playground/shankar_bot_ws/install/bot_interfaces/share/bot_interfaces/local_setup.dsv
[0.583s] -- Symlinking: /home/lalit/Documents/dev/scratchpad/ros-playground/shankar_bot_ws/install/bot_interfaces/share/bot_interfaces/package.dsv
[0.596s] -- Up-to-date symlink: /home/lalit/Documents/dev/scratchpad/ros-playground/shankar_bot_ws/install/bot_interfaces/share/ament_index/resource_index/packages/bot_interfaces
[0.596s] -- Up-to-date symlink: /home/lalit/Documents/dev/scratchpad/ros-playground/shankar_bot_ws/install/bot_interfaces/share/bot_interfaces/cmake/rosidl_cmake-extras.cmake
[0.596s] -- Up-to-date symlink: /home/lalit/Documents/dev/scratchpad/ros-playground/shankar_bot_ws/install/bot_interfaces/share/bot_interfaces/cmake/ament_cmake_export_dependencies-extras.cmake
[0.597s] -- Up-to-date symlink: /home/lalit/Documents/dev/scratchpad/ros-playground/shankar_bot_ws/install/bot_interfaces/share/bot_interfaces/cmake/ament_cmake_export_include_directories-extras.cmake
[0.597s] -- Up-to-date symlink: /home/lalit/Documents/dev/scratchpad/ros-playground/shankar_bot_ws/install/bot_interfaces/share/bot_interfaces/cmake/ament_cmake_export_libraries-extras.cmake
[0.598s] -- Up-to-date symlink: /home/lalit/Documents/dev/scratchpad/ros-playground/shankar_bot_ws/install/bot_interfaces/share/bot_interfaces/cmake/ament_cmake_export_targets-extras.cmake
[0.598s] -- Up-to-date symlink: /home/lalit/Documents/dev/scratchpad/ros-playground/shankar_bot_ws/install/bot_interfaces/share/bot_interfaces/cmake/rosidl_cmake_export_typesupport_targets-extras.cmake
[0.598s] -- Up-to-date symlink: /home/lalit/Documents/dev/scratchpad/ros-playground/shankar_bot_ws/install/bot_interfaces/share/bot_interfaces/cmake/rosidl_cmake_export_typesupport_libraries-extras.cmake
[0.599s] -- Up-to-date symlink: /home/lalit/Documents/dev/scratchpad/ros-playground/shankar_bot_ws/install/bot_interfaces/share/bot_interfaces/cmake/bot_interfacesConfig.cmake
[0.599s] -- Up-to-date symlink: /home/lalit/Documents/dev/scratchpad/ros-playground/shankar_bot_ws/install/bot_interfaces/share/bot_interfaces/cmake/bot_interfacesConfig-version.cmake
[0.599s] -- Up-to-date symlink: /home/lalit/Documents/dev/scratchpad/ros-playground/shankar_bot_ws/install/bot_interfaces/share/bot_interfaces/package.xml
[0.600s] -- Up-to-date: /home/lalit/Documents/dev/scratchpad/ros-playground/shankar_bot_ws/install/bot_interfaces/lib/libbot_interfaces__rosidl_generator_c.so
[0.601s] -- Up-to-date: /home/lalit/Documents/dev/scratchpad/ros-playground/shankar_bot_ws/install/bot_interfaces/lib/libbot_interfaces__rosidl_typesupport_fastrtps_c.so
[0.601s] -- Up-to-date: /home/lalit/Documents/dev/scratchpad/ros-playground/shankar_bot_ws/install/bot_interfaces/lib/libbot_interfaces__rosidl_typesupport_introspection_c.so
[0.602s] -- Up-to-date: /home/lalit/Documents/dev/scratchpad/ros-playground/shankar_bot_ws/install/bot_interfaces/lib/libbot_interfaces__rosidl_typesupport_c.so
[0.602s] -- Up-to-date: /home/lalit/Documents/dev/scratchpad/ros-playground/shankar_bot_ws/install/bot_interfaces/lib/libbot_interfaces__rosidl_typesupport_fastrtps_cpp.so
[0.603s] -- Up-to-date: /home/lalit/Documents/dev/scratchpad/ros-playground/shankar_bot_ws/install/bot_interfaces/lib/libbot_interfaces__rosidl_typesupport_introspection_cpp.so
[0.603s] -- Up-to-date: /home/lalit/Documents/dev/scratchpad/ros-playground/shankar_bot_ws/install/bot_interfaces/lib/libbot_interfaces__rosidl_typesupport_cpp.so
[0.645s] Listing '/home/lalit/Documents/dev/scratchpad/ros-playground/shankar_bot_ws/install/bot_interfaces/lib/python3.12/site-packages/bot_interfaces'...
[0.645s] Listing '/home/lalit/Documents/dev/scratchpad/ros-playground/shankar_bot_ws/install/bot_interfaces/lib/python3.12/site-packages/bot_interfaces/msg'...
[0.645s] Listing '/home/lalit/Documents/dev/scratchpad/ros-playground/shankar_bot_ws/install/bot_interfaces/lib/python3.12/site-packages/bot_interfaces/srv'...
[0.651s] -- Up-to-date: /home/lalit/Documents/dev/scratchpad/ros-playground/shankar_bot_ws/install/bot_interfaces/lib/libbot_interfaces__rosidl_generator_py.so
[0.652s] -- Up-to-date: /home/lalit/Documents/dev/scratchpad/ros-playground/shankar_bot_ws/install/bot_interfaces/share/bot_interfaces/cmake/export_bot_interfaces__rosidl_generator_cExport.cmake
[0.652s] -- Up-to-date: /home/lalit/Documents/dev/scratchpad/ros-playground/shankar_bot_ws/install/bot_interfaces/share/bot_interfaces/cmake/export_bot_interfaces__rosidl_generator_cExport-noconfig.cmake
[0.652s] -- Up-to-date: /home/lalit/Documents/dev/scratchpad/ros-playground/shankar_bot_ws/install/bot_interfaces/share/bot_interfaces/cmake/export_bot_interfaces__rosidl_typesupport_fastrtps_cExport.cmake
[0.652s] -- Up-to-date: /home/lalit/Documents/dev/scratchpad/ros-playground/shankar_bot_ws/install/bot_interfaces/share/bot_interfaces/cmake/export_bot_interfaces__rosidl_typesupport_fastrtps_cExport-noconfig.cmake
[0.652s] -- Up-to-date: /home/lalit/Documents/dev/scratchpad/ros-playground/shankar_bot_ws/install/bot_interfaces/share/bot_interfaces/cmake/bot_interfaces__rosidl_typesupport_introspection_cExport.cmake
[0.653s] -- Up-to-date: /home/lalit/Documents/dev/scratchpad/ros-playground/shankar_bot_ws/install/bot_interfaces/share/bot_interfaces/cmake/bot_interfaces__rosidl_typesupport_introspection_cExport-noconfig.cmake
[0.653s] -- Up-to-date: /home/lalit/Documents/dev/scratchpad/ros-playground/shankar_bot_ws/install/bot_interfaces/share/bot_interfaces/cmake/bot_interfaces__rosidl_typesupport_cExport.cmake
[0.653s] -- Up-to-date: /home/lalit/Documents/dev/scratchpad/ros-playground/shankar_bot_ws/install/bot_interfaces/share/bot_interfaces/cmake/bot_interfaces__rosidl_typesupport_cExport-noconfig.cmake
[0.653s] -- Up-to-date: /home/lalit/Documents/dev/scratchpad/ros-playground/shankar_bot_ws/install/bot_interfaces/share/bot_interfaces/cmake/export_bot_interfaces__rosidl_generator_cppExport.cmake
[0.653s] -- Up-to-date: /home/lalit/Documents/dev/scratchpad/ros-playground/shankar_bot_ws/install/bot_interfaces/share/bot_interfaces/cmake/export_bot_interfaces__rosidl_typesupport_fastrtps_cppExport.cmake
[0.653s] -- Up-to-date: /home/lalit/Documents/dev/scratchpad/ros-playground/shankar_bot_ws/install/bot_interfaces/share/bot_interfaces/cmake/export_bot_interfaces__rosidl_typesupport_fastrtps_cppExport-noconfig.cmake
[0.653s] -- Up-to-date: /home/lalit/Documents/dev/scratchpad/ros-playground/shankar_bot_ws/install/bot_interfaces/share/bot_interfaces/cmake/bot_interfaces__rosidl_typesupport_introspection_cppExport.cmake
[0.653s] -- Up-to-date: /home/lalit/Documents/dev/scratchpad/ros-playground/shankar_bot_ws/install/bot_interfaces/share/bot_interfaces/cmake/bot_interfaces__rosidl_typesupport_introspection_cppExport-noconfig.cmake
[0.654s] -- Up-to-date: /home/lalit/Documents/dev/scratchpad/ros-playground/shankar_bot_ws/install/bot_interfaces/share/bot_interfaces/cmake/bot_interfaces__rosidl_typesupport_cppExport.cmake
[0.654s] -- Up-to-date: /home/lalit/Documents/dev/scratchpad/ros-playground/shankar_bot_ws/install/bot_interfaces/share/bot_interfaces/cmake/bot_interfaces__rosidl_typesupport_cppExport-noconfig.cmake
[0.654s] -- Up-to-date: /home/lalit/Documents/dev/scratchpad/ros-playground/shankar_bot_ws/install/bot_interfaces/share/bot_interfaces/cmake/export_bot_interfaces__rosidl_generator_pyExport.cmake
[0.654s] -- Up-to-date: /home/lalit/Documents/dev/scratchpad/ros-playground/shankar_bot_ws/install/bot_interfaces/share/bot_interfaces/cmake/export_bot_interfaces__rosidl_generator_pyExport-noconfig.cmake
[0.657s] Invoked command in '/home/lalit/Documents/dev/scratchpad/ros-playground/shankar_bot_ws/build/bot_interfaces' returned '0': CMAKE_PREFIX_PATH=${CMAKE_PREFIX_PATH}:/home/lalit/Documents/dev/scratchpad/ros-playground/shankar_bot_ws/install/pkg1:/opt/ros/kilted /usr/bin/cmake --install /home/lalit/Documents/dev/scratchpad/ros-playground/shankar_bot_ws/build/bot_interfaces
