[0.016s] Invoking command in '/home/lalit/Documents/dev/scratchpad/ros-playground/shankar_bot_ws/build/bot_interfaces': CMAKE_PREFIX_PATH=${CMAKE_PREFIX_PATH}:/home/lalit/Documents/dev/scratchpad/ros-playground/shankar_bot_ws/install/pkg1:/opt/ros/kilted /usr/bin/cmake /home/lalit/Documents/dev/scratchpad/ros-playground/shankar_bot_ws/src/bot_interfaces -DCMAKE_INSTALL_PREFIX=/home/lalit/Documents/dev/scratchpad/ros-playground/shankar_bot_ws/install/bot_interfaces
[0.041s] -- Found ament_cmake: 2.7.3 (/opt/ros/kilted/share/ament_cmake/cmake)
[0.312s] -- Override CMake install command with custom implementation using symlinks instead of copying resources
[0.328s] -- Found rosidl_default_generators: 1.7.1 (/opt/ros/kilted/share/rosidl_default_generators/cmake)
[0.332s] -- Using all available rosidl_typesupport_c: rosidl_typesupport_fastrtps_c;rosidl_typesupport_introspection_c
[0.393s] -- Using all available rosidl_typesupport_cpp: rosidl_typesupport_fastrtps_cpp;rosidl_typesupport_introspection_cpp
[0.443s] -- Found rosidl_adapter: 4.9.4 (/opt/ros/kilted/share/rosidl_adapter/cmake)
[0.719s] [31mCMake Error at /opt/ros/kilted/share/rosidl_adapter/cmake/rosidl_adapt_interfaces.cmake:57 (message):
[0.719s]   execute_process(/usr/bin/python3 -m rosidl_adapter --package-name
[0.719s]   bot_interfaces --arguments-file
[0.719s]   /home/lalit/Documents/dev/scratchpad/ros-playground/shankar_bot_ws/build/bot_interfaces/rosidl_adapter__arguments__bot_interfaces.json
[0.719s]   --output-dir
[0.720s]   /home/lalit/Documents/dev/scratchpad/ros-playground/shankar_bot_ws/build/bot_interfaces/rosidl_adapter/bot_interfaces
[0.720s]   --output-file
[0.720s]   /home/lalit/Documents/dev/scratchpad/ros-playground/shankar_bot_ws/build/bot_interfaces/rosidl_adapter/bot_interfaces.idls)
[0.720s]   returned error code 1:
[0.721s] 
[0.721s]   Error processing 'float delay' of 'bot_interfaces/CountUntil_Goal':
[0.721s]   ''float' is an invalid message name.  It should have the pattern
[0.721s]   '^[A-Z][A-Za-z0-9]*$''
[0.721s] 
[0.721s]   Traceback (most recent call last):
[0.722s] 
[0.722s]     File "<frozen runpy>", line 198, in _run_module_as_main
[0.722s]     File "<frozen runpy>", line 88, in _run_code
[0.722s]     File "/opt/ros/kilted/lib/python3.12/site-packages/rosidl_adapter/__main__.py", line 19, in <module>
[0.722s]       main()
[0.722s]     File "/opt/ros/kilted/lib/python3.12/site-packages/rosidl_adapter/main.py", line 54, in main
[0.722s]       abs_idl_file = convert_to_idl(
[0.723s]                      ^^^^^^^^^^^^^^^
[0.723s]     File "/opt/ros/kilted/lib/python3.12/site-packages/rosidl_adapter/__init__.py", line 32, in convert_to_idl
[0.723s]       return convert_action_to_idl(
[0.723s]              ^^^^^^^^^^^^^^^^^^^^^^
[0.723s]     File "/opt/ros/kilted/lib/python3.12/site-packages/rosidl_adapter/action/__init__.py", line 31, in convert_action_to_idl
[0.723s]       action = parse_action_string(package_name, input_file.stem, content)
[0.723s]                ^^^^^^^^^^^^^^^^^^^^^^^^^^^^^^^^^^^^^^^^^^^^^^^^^^^^^^^^^^^
[0.723s]     File "/opt/ros/kilted/lib/python3.12/site-packages/rosidl_adapter/parser.py", line 933, in parse_action_string
[0.724s]       goal_message = parse_message_string(
[0.724s]                      ^^^^^^^^^^^^^^^^^^^^^
[0.724s]     File "/opt/ros/kilted/lib/python3.12/site-packages/rosidl_adapter/parser.py", line 539, in parse_message_string
[0.724s]       Type(type_string, context_package_name=pkg_name),
[0.724s]       ^^^^^^^^^^^^^^^^^^^^^^^^^^^^^^^^^^^^^^^^^^^^^^^^
[0.724s]     File "/opt/ros/kilted/lib/python3.12/site-packages/rosidl_adapter/parser.py", line 293, in __init__
[0.724s]       super(Type, self).__init__(
[0.725s]     File "/opt/ros/kilted/lib/python3.12/site-packages/rosidl_adapter/parser.py", line 221, in __init__
[0.725s]       raise InvalidResourceName(
[0.725s] 
[0.725s]   rosidl_adapter.parser.InvalidResourceName: 'float' is an invalid message
[0.725s]   name.  It should have the pattern '^[A-Z][A-Za-z0-9]*$'
[0.725s] 
[0.725s] Call Stack (most recent call first):
[0.726s]   /opt/ros/kilted/share/rosidl_cmake/cmake/rosidl_generate_interfaces.cmake:132 (rosidl_adapt_interfaces)
[0.726s]   CMakeLists.txt:15 (rosidl_generate_interfaces)
[0.726s] 
[0.726s] [0m
[0.726s] -- Configuring incomplete, errors occurred!
[0.733s] Invoked command in '/home/lalit/Documents/dev/scratchpad/ros-playground/shankar_bot_ws/build/bot_interfaces' returned '1': CMAKE_PREFIX_PATH=${CMAKE_PREFIX_PATH}:/home/lalit/Documents/dev/scratchpad/ros-playground/shankar_bot_ws/install/pkg1:/opt/ros/kilted /usr/bin/cmake /home/lalit/Documents/dev/scratchpad/ros-playground/shankar_bot_ws/src/bot_interfaces -DCMAKE_INSTALL_PREFIX=/home/lalit/Documents/dev/scratchpad/ros-playground/shankar_bot_ws/install/bot_interfaces
