[4.282s] Invoking command in '/home/lalit/Documents/dev/scratchpad/ros-playground/shankar_bot_ws/build/pkg1': AMENT_PREFIX_PATH=/home/lalit/Documents/dev/scratchpad/ros-playground/shankar_bot_ws/install/bot_interfaces:${AMENT_PREFIX_PATH} CMAKE_PREFIX_PATH=/home/lalit/Documents/dev/scratchpad/ros-playground/shankar_bot_ws/install/bot_interfaces:${CMAKE_PREFIX_PATH} LD_LIBRARY_PATH=/home/lalit/Documents/dev/scratchpad/ros-playground/shankar_bot_ws/install/bot_interfaces/lib:${LD_LIBRARY_PATH} PYTHONPATH=/home/lalit/Documents/dev/scratchpad/ros-playground/shankar_bot_ws/build/pkg1/prefix_override:/usr/lib/python3/dist-packages/colcon_core/task/python/colcon_distutils_commands:/home/lalit/Documents/dev/scratchpad/ros-playground/shankar_bot_ws/install/pkg1/lib/python3.12/site-packages:/home/lalit/Documents/dev/scratchpad/ros-playground/shankar_bot_ws/install/bot_interfaces/lib/python3.12/site-packages:${PYTHONPATH} /usr/bin/python3 -W ignore:setup.py install is deprecated -W ignore:easy_install command is deprecated setup.py develop --editable --build-directory /home/lalit/Documents/dev/scratchpad/ros-playground/shankar_bot_ws/build/pkg1/build --no-deps symlink_data --force
[5.625s] running develop
[6.719s] running egg_info
[6.816s] writing pkg1.egg-info/PKG-INFO
[6.816s] writing dependency_links to pkg1.egg-info/dependency_links.txt
[6.817s] writing entry points to pkg1.egg-info/entry_points.txt
[6.817s] writing requirements to pkg1.egg-info/requires.txt
[6.818s] writing top-level names to pkg1.egg-info/top_level.txt
[7.024s] reading manifest file 'pkg1.egg-info/SOURCES.txt'
[7.027s] writing manifest file 'pkg1.egg-info/SOURCES.txt'
[7.158s] running build_ext
[7.159s] Creating /home/lalit/Documents/dev/scratchpad/ros-playground/shankar_bot_ws/install/pkg1/lib/python3.12/site-packages/pkg1.egg-link (link to .)
[7.163s] Installing client script to /home/lalit/Documents/dev/scratchpad/ros-playground/shankar_bot_ws/install/pkg1/lib/pkg1
[7.164s] Installing numpub script to /home/lalit/Documents/dev/scratchpad/ros-playground/shankar_bot_ws/install/pkg1/lib/pkg1
[7.165s] Installing numsub script to /home/lalit/Documents/dev/scratchpad/ros-playground/shankar_bot_ws/install/pkg1/lib/pkg1
[7.166s] Installing test_node script to /home/lalit/Documents/dev/scratchpad/ros-playground/shankar_bot_ws/install/pkg1/lib/pkg1
[7.168s] 
[7.169s] Installed /home/lalit/Documents/dev/scratchpad/ros-playground/shankar_bot_ws/build/pkg1
[7.172s] running symlink_data
[7.172s] symbolically linking /home/lalit/Documents/dev/scratchpad/ros-playground/shankar_bot_ws/build/pkg1/resource/pkg1 -> /home/lalit/Documents/dev/scratchpad/ros-playground/shankar_bot_ws/install/pkg1/share/ament_index/resource_index/packages
[7.173s] symbolically linking /home/lalit/Documents/dev/scratchpad/ros-playground/shankar_bot_ws/build/pkg1/package.xml -> /home/lalit/Documents/dev/scratchpad/ros-playground/shankar_bot_ws/install/pkg1/share/pkg1
[7.310s] Invoked command in '/home/lalit/Documents/dev/scratchpad/ros-playground/shankar_bot_ws/build/pkg1' returned '0': AMENT_PREFIX_PATH=/home/lalit/Documents/dev/scratchpad/ros-playground/shankar_bot_ws/install/bot_interfaces:${AMENT_PREFIX_PATH} CMAKE_PREFIX_PATH=/home/lalit/Documents/dev/scratchpad/ros-playground/shankar_bot_ws/install/bot_interfaces:${CMAKE_PREFIX_PATH} LD_LIBRARY_PATH=/home/lalit/Documents/dev/scratchpad/ros-playground/shankar_bot_ws/install/bot_interfaces/lib:${LD_LIBRARY_PATH} PYTHONPATH=/home/lalit/Documents/dev/scratchpad/ros-playground/shankar_bot_ws/build/pkg1/prefix_override:/usr/lib/python3/dist-packages/colcon_core/task/python/colcon_distutils_commands:/home/lalit/Documents/dev/scratchpad/ros-playground/shankar_bot_ws/install/pkg1/lib/python3.12/site-packages:/home/lalit/Documents/dev/scratchpad/ros-playground/shankar_bot_ws/install/bot_interfaces/lib/python3.12/site-packages:${PYTHONPATH} /usr/bin/python3 -W ignore:setup.py install is deprecated -W ignore:easy_install command is deprecated setup.py develop --editable --build-directory /home/lalit/Documents/dev/scratchpad/ros-playground/shankar_bot_ws/build/pkg1/build --no-deps symlink_data --force
