[0.546s] DEBUG:colcon:Command line arguments: ['/usr/bin/colcon', 'build', '--packages-select', 'bot_interfaces']
[0.547s] DEBUG:colcon:Parsed command line arguments: Namespace(log_base=None, log_level=None, verb_name='build', build_base='build', install_base='install', merge_install=False, symlink_install=False, test_result_base=None, continue_on_error=False, executor='parallel', parallel_workers=8, event_handlers=None, ignore_user_meta=False, metas=['./colcon.meta'], base_paths=['.'], packages_ignore=None, packages_ignore_regex=None, paths=None, packages_up_to=None, packages_up_to_regex=None, packages_above=None, packages_above_and_dependencies=None, packages_above_depth=None, packages_select_by_dep=None, packages_skip_by_dep=None, packages_skip_up_to=None, packages_select_build_failed=False, packages_skip_build_finished=False, packages_select_test_failures=False, packages_skip_test_passed=False, packages_select=['bot_interfaces'], packages_skip=None, packages_select_regex=None, packages_skip_regex=None, packages_start=None, packages_end=None, allow_overriding=[], cmake_args=None, cmake_target=None, cmake_target_skip_unavailable=False, cmake_clean_cache=False, cmake_clean_first=False, cmake_force_configure=False, ament_cmake_args=None, catkin_cmake_args=None, catkin_skip_building_tests=False, verb_parser=<colcon_defaults.argument_parser.defaults.DefaultArgumentsDecorator object at 0x738eb6e639e0>, verb_extension=<colcon_core.verb.build.BuildVerb object at 0x738eb6f162d0>, main=<bound method BuildVerb.main of <colcon_core.verb.build.BuildVerb object at 0x738eb6f162d0>>)
[0.709s] Level 1:colcon.colcon_core.package_discovery:discover_packages(colcon_meta) check parameters
[0.709s] Level 1:colcon.colcon_core.package_discovery:discover_packages(recursive) check parameters
[0.709s] Level 1:colcon.colcon_core.package_discovery:discover_packages(ignore) check parameters
[0.710s] Level 1:colcon.colcon_core.package_discovery:discover_packages(path) check parameters
[0.710s] Level 1:colcon.colcon_core.package_discovery:discover_packages(colcon_meta) discover
[0.710s] Level 1:colcon.colcon_core.package_discovery:discover_packages(recursive) discover
[0.710s] INFO:colcon.colcon_core.package_discovery:Crawling recursively for packages in '/home/lalit/Documents/dev/scratchpad/ros-playground/shankar_bot_ws'
[0.711s] Level 1:colcon.colcon_core.package_identification:_identify(.) by extensions ['ignore', 'ignore_ament_install']
[0.711s] Level 1:colcon.colcon_core.package_identification:_identify(.) by extension 'ignore'
[0.712s] Level 1:colcon.colcon_core.package_identification:_identify(.) by extension 'ignore_ament_install'
[0.712s] Level 1:colcon.colcon_core.package_identification:_identify(.) by extensions ['colcon_pkg']
[0.712s] Level 1:colcon.colcon_core.package_identification:_identify(.) by extension 'colcon_pkg'
[0.712s] Level 1:colcon.colcon_core.package_identification:_identify(.) by extensions ['colcon_meta']
[0.712s] Level 1:colcon.colcon_core.package_identification:_identify(.) by extension 'colcon_meta'
[0.713s] Level 1:colcon.colcon_core.package_identification:_identify(.) by extensions ['ros']
[0.713s] Level 1:colcon.colcon_core.package_identification:_identify(.) by extension 'ros'
[0.816s] Level 1:colcon.colcon_core.package_identification:_identify(.) by extensions ['cmake', 'python']
[0.816s] Level 1:colcon.colcon_core.package_identification:_identify(.) by extension 'cmake'
[0.816s] Level 1:colcon.colcon_core.package_identification:_identify(.) by extension 'python'
[0.817s] Level 1:colcon.colcon_core.package_identification:_identify(.) by extensions ['python_setup_py']
[0.817s] Level 1:colcon.colcon_core.package_identification:_identify(.) by extension 'python_setup_py'
[0.817s] Level 1:colcon.colcon_core.package_identification:_identify(build) by extensions ['ignore', 'ignore_ament_install']
[0.818s] Level 1:colcon.colcon_core.package_identification:_identify(build) by extension 'ignore'
[0.818s] Level 1:colcon.colcon_core.package_identification:_identify(build) ignored
[0.818s] Level 1:colcon.colcon_core.package_identification:_identify(install) by extensions ['ignore', 'ignore_ament_install']
[0.819s] Level 1:colcon.colcon_core.package_identification:_identify(install) by extension 'ignore'
[0.819s] Level 1:colcon.colcon_core.package_identification:_identify(install) ignored
[0.819s] Level 1:colcon.colcon_core.package_identification:_identify(log) by extensions ['ignore', 'ignore_ament_install']
[0.820s] Level 1:colcon.colcon_core.package_identification:_identify(log) by extension 'ignore'
[0.820s] Level 1:colcon.colcon_core.package_identification:_identify(log) ignored
[0.820s] Level 1:colcon.colcon_core.package_identification:_identify(src) by extensions ['ignore', 'ignore_ament_install']
[0.821s] Level 1:colcon.colcon_core.package_identification:_identify(src) by extension 'ignore'
[0.821s] Level 1:colcon.colcon_core.package_identification:_identify(src) by extension 'ignore_ament_install'
[0.821s] Level 1:colcon.colcon_core.package_identification:_identify(src) by extensions ['colcon_pkg']
[0.821s] Level 1:colcon.colcon_core.package_identification:_identify(src) by extension 'colcon_pkg'
[0.822s] Level 1:colcon.colcon_core.package_identification:_identify(src) by extensions ['colcon_meta']
[0.822s] Level 1:colcon.colcon_core.package_identification:_identify(src) by extension 'colcon_meta'
[0.822s] Level 1:colcon.colcon_core.package_identification:_identify(src) by extensions ['ros']
[0.822s] Level 1:colcon.colcon_core.package_identification:_identify(src) by extension 'ros'
[0.823s] Level 1:colcon.colcon_core.package_identification:_identify(src) by extensions ['cmake', 'python']
[0.823s] Level 1:colcon.colcon_core.package_identification:_identify(src) by extension 'cmake'
[0.823s] Level 1:colcon.colcon_core.package_identification:_identify(src) by extension 'python'
[0.823s] Level 1:colcon.colcon_core.package_identification:_identify(src) by extensions ['python_setup_py']
[0.823s] Level 1:colcon.colcon_core.package_identification:_identify(src) by extension 'python_setup_py'
[0.824s] Level 1:colcon.colcon_core.package_identification:_identify(src/bot_interfaces) by extensions ['ignore', 'ignore_ament_install']
[0.824s] Level 1:colcon.colcon_core.package_identification:_identify(src/bot_interfaces) by extension 'ignore'
[0.824s] Level 1:colcon.colcon_core.package_identification:_identify(src/bot_interfaces) by extension 'ignore_ament_install'
[0.825s] Level 1:colcon.colcon_core.package_identification:_identify(src/bot_interfaces) by extensions ['colcon_pkg']
[0.825s] Level 1:colcon.colcon_core.package_identification:_identify(src/bot_interfaces) by extension 'colcon_pkg'
[0.825s] Level 1:colcon.colcon_core.package_identification:_identify(src/bot_interfaces) by extensions ['colcon_meta']
[0.825s] Level 1:colcon.colcon_core.package_identification:_identify(src/bot_interfaces) by extension 'colcon_meta'
[0.825s] Level 1:colcon.colcon_core.package_identification:_identify(src/bot_interfaces) by extensions ['ros']
[0.825s] Level 1:colcon.colcon_core.package_identification:_identify(src/bot_interfaces) by extension 'ros'
[0.834s] DEBUG:colcon.colcon_core.package_identification:Package 'src/bot_interfaces' with type 'ros.ament_cmake' and name 'bot_interfaces'
[0.835s] Level 1:colcon.colcon_core.package_identification:_identify(src/pkg1) by extensions ['ignore', 'ignore_ament_install']
[0.835s] Level 1:colcon.colcon_core.package_identification:_identify(src/pkg1) by extension 'ignore'
[0.836s] Level 1:colcon.colcon_core.package_identification:_identify(src/pkg1) by extension 'ignore_ament_install'
[0.836s] Level 1:colcon.colcon_core.package_identification:_identify(src/pkg1) by extensions ['colcon_pkg']
[0.836s] Level 1:colcon.colcon_core.package_identification:_identify(src/pkg1) by extension 'colcon_pkg'
[0.836s] Level 1:colcon.colcon_core.package_identification:_identify(src/pkg1) by extensions ['colcon_meta']
[0.836s] Level 1:colcon.colcon_core.package_identification:_identify(src/pkg1) by extension 'colcon_meta'
[0.837s] Level 1:colcon.colcon_core.package_identification:_identify(src/pkg1) by extensions ['ros']
[0.837s] Level 1:colcon.colcon_core.package_identification:_identify(src/pkg1) by extension 'ros'
[0.839s] DEBUG:colcon.colcon_core.package_identification:Package 'src/pkg1' with type 'ros.ament_python' and name 'pkg1'
[0.839s] Level 1:colcon.colcon_core.package_discovery:discover_packages(recursive) using defaults
[0.839s] Level 1:colcon.colcon_core.package_discovery:discover_packages(ignore) discover
[0.839s] Level 1:colcon.colcon_core.package_discovery:discover_packages(ignore) using defaults
[0.840s] Level 1:colcon.colcon_core.package_discovery:discover_packages(path) discover
[0.840s] Level 1:colcon.colcon_core.package_discovery:discover_packages(path) using defaults
[0.912s] INFO:colcon.colcon_core.package_selection:Skipping not selected package 'pkg1' in 'src/pkg1'
[0.914s] Level 1:colcon.colcon_core.package_discovery:discover_packages(prefix_path) check parameters
[0.914s] Level 1:colcon.colcon_core.package_discovery:discover_packages(prefix_path) discover
[0.921s] DEBUG:colcon.colcon_installed_package_information.package_discovery:Found 2 installed packages in /home/lalit/Documents/dev/scratchpad/ros-playground/shankar_bot_ws/install
[0.929s] DEBUG:colcon.colcon_installed_package_information.package_discovery:Found 321 installed packages in /opt/ros/kilted
[0.932s] Level 1:colcon.colcon_core.package_discovery:discover_packages(prefix_path) using defaults
[1.131s] Level 5:colcon.colcon_core.verb:set package 'bot_interfaces' build argument 'cmake_args' from command line to 'None'
[1.131s] Level 5:colcon.colcon_core.verb:set package 'bot_interfaces' build argument 'cmake_target' from command line to 'None'
[1.131s] Level 5:colcon.colcon_core.verb:set package 'bot_interfaces' build argument 'cmake_target_skip_unavailable' from command line to 'False'
[1.131s] Level 5:colcon.colcon_core.verb:set package 'bot_interfaces' build argument 'cmake_clean_cache' from command line to 'False'
[1.131s] Level 5:colcon.colcon_core.verb:set package 'bot_interfaces' build argument 'cmake_clean_first' from command line to 'False'
[1.131s] Level 5:colcon.colcon_core.verb:set package 'bot_interfaces' build argument 'cmake_force_configure' from command line to 'False'
[1.132s] Level 5:colcon.colcon_core.verb:set package 'bot_interfaces' build argument 'ament_cmake_args' from command line to 'None'
[1.132s] Level 5:colcon.colcon_core.verb:set package 'bot_interfaces' build argument 'catkin_cmake_args' from command line to 'None'
[1.132s] Level 5:colcon.colcon_core.verb:set package 'bot_interfaces' build argument 'catkin_skip_building_tests' from command line to 'False'
[1.132s] DEBUG:colcon.colcon_core.verb:Building package 'bot_interfaces' with the following arguments: {'ament_cmake_args': None, 'build_base': '/home/lalit/Documents/dev/scratchpad/ros-playground/shankar_bot_ws/build/bot_interfaces', 'catkin_cmake_args': None, 'catkin_skip_building_tests': False, 'cmake_args': None, 'cmake_clean_cache': False, 'cmake_clean_first': False, 'cmake_force_configure': False, 'cmake_target': None, 'cmake_target_skip_unavailable': False, 'install_base': '/home/lalit/Documents/dev/scratchpad/ros-playground/shankar_bot_ws/install/bot_interfaces', 'merge_install': False, 'path': '/home/lalit/Documents/dev/scratchpad/ros-playground/shankar_bot_ws/src/bot_interfaces', 'symlink_install': False, 'test_result_base': None}
[1.132s] INFO:colcon.colcon_core.executor:Executing jobs using 'parallel' executor
[1.135s] DEBUG:colcon.colcon_parallel_executor.executor.parallel:run_until_complete
[1.135s] INFO:colcon.colcon_ros.task.ament_cmake.build:Building ROS package in '/home/lalit/Documents/dev/scratchpad/ros-playground/shankar_bot_ws/src/bot_interfaces' with build type 'ament_cmake'
[1.136s] INFO:colcon.colcon_cmake.task.cmake.build:Building CMake package in '/home/lalit/Documents/dev/scratchpad/ros-playground/shankar_bot_ws/src/bot_interfaces'
[1.142s] INFO:colcon.colcon_core.plugin_system:Skipping extension 'colcon_core.shell.bat': Not used on non-Windows systems
[1.143s] INFO:colcon.colcon_core.shell:Skip shell extension 'powershell' for command environment: Not usable outside of PowerShell
[1.143s] DEBUG:colcon.colcon_core.shell:Skip shell extension 'dsv' for command environment
[1.177s] DEBUG:colcon.colcon_core.event_handler.log_command:Invoking command in '/home/lalit/Documents/dev/scratchpad/ros-playground/shankar_bot_ws/build/bot_interfaces': CMAKE_PREFIX_PATH=${CMAKE_PREFIX_PATH}:/home/lalit/Documents/dev/scratchpad/ros-playground/shankar_bot_ws/install/pkg1:/opt/ros/kilted /usr/bin/cmake /home/lalit/Documents/dev/scratchpad/ros-playground/shankar_bot_ws/src/bot_interfaces -DCMAKE_INSTALL_PREFIX=/home/lalit/Documents/dev/scratchpad/ros-playground/shankar_bot_ws/install/bot_interfaces
[12.613s] DEBUG:colcon.colcon_core.event_handler.log_command:Invoked command in '/home/lalit/Documents/dev/scratchpad/ros-playground/shankar_bot_ws/build/bot_interfaces' returned '0': CMAKE_PREFIX_PATH=${CMAKE_PREFIX_PATH}:/home/lalit/Documents/dev/scratchpad/ros-playground/shankar_bot_ws/install/pkg1:/opt/ros/kilted /usr/bin/cmake /home/lalit/Documents/dev/scratchpad/ros-playground/shankar_bot_ws/src/bot_interfaces -DCMAKE_INSTALL_PREFIX=/home/lalit/Documents/dev/scratchpad/ros-playground/shankar_bot_ws/install/bot_interfaces
[12.621s] DEBUG:colcon.colcon_core.event_handler.log_command:Invoking command in '/home/lalit/Documents/dev/scratchpad/ros-playground/shankar_bot_ws/build/bot_interfaces': CMAKE_PREFIX_PATH=${CMAKE_PREFIX_PATH}:/home/lalit/Documents/dev/scratchpad/ros-playground/shankar_bot_ws/install/pkg1:/opt/ros/kilted /usr/bin/cmake --build /home/lalit/Documents/dev/scratchpad/ros-playground/shankar_bot_ws/build/bot_interfaces -- -j8 -l8
[24.089s] DEBUG:colcon.colcon_core.event_handler.log_command:Invoked command in '/home/lalit/Documents/dev/scratchpad/ros-playground/shankar_bot_ws/build/bot_interfaces' returned '0': CMAKE_PREFIX_PATH=${CMAKE_PREFIX_PATH}:/home/lalit/Documents/dev/scratchpad/ros-playground/shankar_bot_ws/install/pkg1:/opt/ros/kilted /usr/bin/cmake --build /home/lalit/Documents/dev/scratchpad/ros-playground/shankar_bot_ws/build/bot_interfaces -- -j8 -l8
[24.137s] DEBUG:colcon.colcon_core.event_handler.log_command:Invoking command in '/home/lalit/Documents/dev/scratchpad/ros-playground/shankar_bot_ws/build/bot_interfaces': CMAKE_PREFIX_PATH=${CMAKE_PREFIX_PATH}:/home/lalit/Documents/dev/scratchpad/ros-playground/shankar_bot_ws/install/pkg1:/opt/ros/kilted /usr/bin/cmake --install /home/lalit/Documents/dev/scratchpad/ros-playground/shankar_bot_ws/build/bot_interfaces
[26.989s] Level 1:colcon.colcon_core.environment:create_environment_scripts_only(bot_interfaces)
[26.992s] DEBUG:colcon.colcon_core.event_handler.log_command:Invoked command in '/home/lalit/Documents/dev/scratchpad/ros-playground/shankar_bot_ws/build/bot_interfaces' returned '0': CMAKE_PREFIX_PATH=${CMAKE_PREFIX_PATH}:/home/lalit/Documents/dev/scratchpad/ros-playground/shankar_bot_ws/install/pkg1:/opt/ros/kilted /usr/bin/cmake --install /home/lalit/Documents/dev/scratchpad/ros-playground/shankar_bot_ws/build/bot_interfaces
[26.999s] Level 1:colcon.colcon_core.environment:checking '/home/lalit/Documents/dev/scratchpad/ros-playground/shankar_bot_ws/install/bot_interfaces' for CMake module files
[27.002s] Level 1:colcon.colcon_core.environment:checking '/home/lalit/Documents/dev/scratchpad/ros-playground/shankar_bot_ws/install/bot_interfaces' for CMake config files
[27.005s] Level 1:colcon.colcon_core.shell:create_environment_hook('bot_interfaces', 'cmake_prefix_path')
[27.005s] INFO:colcon.colcon_core.shell:Creating environment hook '/home/lalit/Documents/dev/scratchpad/ros-playground/shankar_bot_ws/install/bot_interfaces/share/bot_interfaces/hook/cmake_prefix_path.ps1'
[27.007s] INFO:colcon.colcon_core.shell:Creating environment descriptor '/home/lalit/Documents/dev/scratchpad/ros-playground/shankar_bot_ws/install/bot_interfaces/share/bot_interfaces/hook/cmake_prefix_path.dsv'
[27.009s] INFO:colcon.colcon_core.shell:Creating environment hook '/home/lalit/Documents/dev/scratchpad/ros-playground/shankar_bot_ws/install/bot_interfaces/share/bot_interfaces/hook/cmake_prefix_path.sh'
[27.012s] Level 1:colcon.colcon_core.environment:checking '/home/lalit/Documents/dev/scratchpad/ros-playground/shankar_bot_ws/install/bot_interfaces/lib'
[27.013s] Level 1:colcon.colcon_core.shell:create_environment_hook('bot_interfaces', 'ld_library_path_lib')
[27.014s] INFO:colcon.colcon_core.shell:Creating environment hook '/home/lalit/Documents/dev/scratchpad/ros-playground/shankar_bot_ws/install/bot_interfaces/share/bot_interfaces/hook/ld_library_path_lib.ps1'
[27.016s] INFO:colcon.colcon_core.shell:Creating environment descriptor '/home/lalit/Documents/dev/scratchpad/ros-playground/shankar_bot_ws/install/bot_interfaces/share/bot_interfaces/hook/ld_library_path_lib.dsv'
[27.017s] INFO:colcon.colcon_core.shell:Creating environment hook '/home/lalit/Documents/dev/scratchpad/ros-playground/shankar_bot_ws/install/bot_interfaces/share/bot_interfaces/hook/ld_library_path_lib.sh'
[27.019s] Level 1:colcon.colcon_core.environment:checking '/home/lalit/Documents/dev/scratchpad/ros-playground/shankar_bot_ws/install/bot_interfaces/bin'
[27.019s] Level 1:colcon.colcon_core.environment:checking '/home/lalit/Documents/dev/scratchpad/ros-playground/shankar_bot_ws/install/bot_interfaces/lib/pkgconfig/bot_interfaces.pc'
[27.020s] Level 1:colcon.colcon_core.environment:checking '/home/lalit/Documents/dev/scratchpad/ros-playground/shankar_bot_ws/install/bot_interfaces/lib/python3.12/site-packages'
[27.021s] Level 1:colcon.colcon_core.shell:create_environment_hook('bot_interfaces', 'pythonpath')
[27.021s] INFO:colcon.colcon_core.shell:Creating environment hook '/home/lalit/Documents/dev/scratchpad/ros-playground/shankar_bot_ws/install/bot_interfaces/share/bot_interfaces/hook/pythonpath.ps1'
[27.023s] INFO:colcon.colcon_core.shell:Creating environment descriptor '/home/lalit/Documents/dev/scratchpad/ros-playground/shankar_bot_ws/install/bot_interfaces/share/bot_interfaces/hook/pythonpath.dsv'
[27.024s] INFO:colcon.colcon_core.shell:Creating environment hook '/home/lalit/Documents/dev/scratchpad/ros-playground/shankar_bot_ws/install/bot_interfaces/share/bot_interfaces/hook/pythonpath.sh'
[27.026s] Level 1:colcon.colcon_core.environment:checking '/home/lalit/Documents/dev/scratchpad/ros-playground/shankar_bot_ws/install/bot_interfaces/bin'
[27.027s] INFO:colcon.colcon_core.shell:Creating package script '/home/lalit/Documents/dev/scratchpad/ros-playground/shankar_bot_ws/install/bot_interfaces/share/bot_interfaces/package.ps1'
[27.031s] INFO:colcon.colcon_core.shell:Creating package descriptor '/home/lalit/Documents/dev/scratchpad/ros-playground/shankar_bot_ws/install/bot_interfaces/share/bot_interfaces/package.dsv'
[27.033s] INFO:colcon.colcon_core.shell:Creating package script '/home/lalit/Documents/dev/scratchpad/ros-playground/shankar_bot_ws/install/bot_interfaces/share/bot_interfaces/package.sh'
[27.036s] INFO:colcon.colcon_core.shell:Creating package script '/home/lalit/Documents/dev/scratchpad/ros-playground/shankar_bot_ws/install/bot_interfaces/share/bot_interfaces/package.bash'
[27.039s] INFO:colcon.colcon_core.shell:Creating package script '/home/lalit/Documents/dev/scratchpad/ros-playground/shankar_bot_ws/install/bot_interfaces/share/bot_interfaces/package.zsh'
[27.041s] Level 1:colcon.colcon_core.environment:create_file_with_runtime_dependencies(/home/lalit/Documents/dev/scratchpad/ros-playground/shankar_bot_ws/install/bot_interfaces/share/colcon-core/packages/bot_interfaces)
[27.044s] Level 1:colcon.colcon_core.environment:create_environment_scripts_only(bot_interfaces)
[27.045s] Level 1:colcon.colcon_core.environment:checking '/home/lalit/Documents/dev/scratchpad/ros-playground/shankar_bot_ws/install/bot_interfaces' for CMake module files
[27.048s] Level 1:colcon.colcon_core.environment:checking '/home/lalit/Documents/dev/scratchpad/ros-playground/shankar_bot_ws/install/bot_interfaces' for CMake config files
[27.050s] Level 1:colcon.colcon_core.shell:create_environment_hook('bot_interfaces', 'cmake_prefix_path')
[27.051s] INFO:colcon.colcon_core.shell:Creating environment hook '/home/lalit/Documents/dev/scratchpad/ros-playground/shankar_bot_ws/install/bot_interfaces/share/bot_interfaces/hook/cmake_prefix_path.ps1'
[27.054s] INFO:colcon.colcon_core.shell:Creating environment descriptor '/home/lalit/Documents/dev/scratchpad/ros-playground/shankar_bot_ws/install/bot_interfaces/share/bot_interfaces/hook/cmake_prefix_path.dsv'
[27.056s] INFO:colcon.colcon_core.shell:Creating environment hook '/home/lalit/Documents/dev/scratchpad/ros-playground/shankar_bot_ws/install/bot_interfaces/share/bot_interfaces/hook/cmake_prefix_path.sh'
[27.058s] Level 1:colcon.colcon_core.environment:checking '/home/lalit/Documents/dev/scratchpad/ros-playground/shankar_bot_ws/install/bot_interfaces/lib'
[27.058s] Level 1:colcon.colcon_core.shell:create_environment_hook('bot_interfaces', 'ld_library_path_lib')
[27.059s] INFO:colcon.colcon_core.shell:Creating environment hook '/home/lalit/Documents/dev/scratchpad/ros-playground/shankar_bot_ws/install/bot_interfaces/share/bot_interfaces/hook/ld_library_path_lib.ps1'
[27.061s] INFO:colcon.colcon_core.shell:Creating environment descriptor '/home/lalit/Documents/dev/scratchpad/ros-playground/shankar_bot_ws/install/bot_interfaces/share/bot_interfaces/hook/ld_library_path_lib.dsv'
[27.064s] INFO:colcon.colcon_core.shell:Creating environment hook '/home/lalit/Documents/dev/scratchpad/ros-playground/shankar_bot_ws/install/bot_interfaces/share/bot_interfaces/hook/ld_library_path_lib.sh'
[27.066s] Level 1:colcon.colcon_core.environment:checking '/home/lalit/Documents/dev/scratchpad/ros-playground/shankar_bot_ws/install/bot_interfaces/bin'
[27.066s] Level 1:colcon.colcon_core.environment:checking '/home/lalit/Documents/dev/scratchpad/ros-playground/shankar_bot_ws/install/bot_interfaces/lib/pkgconfig/bot_interfaces.pc'
[27.067s] Level 1:colcon.colcon_core.environment:checking '/home/lalit/Documents/dev/scratchpad/ros-playground/shankar_bot_ws/install/bot_interfaces/lib/python3.12/site-packages'
[27.068s] Level 1:colcon.colcon_core.shell:create_environment_hook('bot_interfaces', 'pythonpath')
[27.068s] INFO:colcon.colcon_core.shell:Creating environment hook '/home/lalit/Documents/dev/scratchpad/ros-playground/shankar_bot_ws/install/bot_interfaces/share/bot_interfaces/hook/pythonpath.ps1'
[27.070s] INFO:colcon.colcon_core.shell:Creating environment descriptor '/home/lalit/Documents/dev/scratchpad/ros-playground/shankar_bot_ws/install/bot_interfaces/share/bot_interfaces/hook/pythonpath.dsv'
[27.071s] INFO:colcon.colcon_core.shell:Creating environment hook '/home/lalit/Documents/dev/scratchpad/ros-playground/shankar_bot_ws/install/bot_interfaces/share/bot_interfaces/hook/pythonpath.sh'
[27.074s] Level 1:colcon.colcon_core.environment:checking '/home/lalit/Documents/dev/scratchpad/ros-playground/shankar_bot_ws/install/bot_interfaces/bin'
[27.075s] INFO:colcon.colcon_core.shell:Creating package script '/home/lalit/Documents/dev/scratchpad/ros-playground/shankar_bot_ws/install/bot_interfaces/share/bot_interfaces/package.ps1'
[27.077s] INFO:colcon.colcon_core.shell:Creating package descriptor '/home/lalit/Documents/dev/scratchpad/ros-playground/shankar_bot_ws/install/bot_interfaces/share/bot_interfaces/package.dsv'
[27.079s] INFO:colcon.colcon_core.shell:Creating package script '/home/lalit/Documents/dev/scratchpad/ros-playground/shankar_bot_ws/install/bot_interfaces/share/bot_interfaces/package.sh'
[27.081s] INFO:colcon.colcon_core.shell:Creating package script '/home/lalit/Documents/dev/scratchpad/ros-playground/shankar_bot_ws/install/bot_interfaces/share/bot_interfaces/package.bash'
[27.083s] INFO:colcon.colcon_core.shell:Creating package script '/home/lalit/Documents/dev/scratchpad/ros-playground/shankar_bot_ws/install/bot_interfaces/share/bot_interfaces/package.zsh'
[27.085s] Level 1:colcon.colcon_core.environment:create_file_with_runtime_dependencies(/home/lalit/Documents/dev/scratchpad/ros-playground/shankar_bot_ws/install/bot_interfaces/share/colcon-core/packages/bot_interfaces)
[27.086s] DEBUG:colcon.colcon_parallel_executor.executor.parallel:closing loop
[27.087s] DEBUG:colcon.colcon_parallel_executor.executor.parallel:loop closed
[27.087s] DEBUG:colcon.colcon_parallel_executor.executor.parallel:run_until_complete finished with '0'
[27.087s] DEBUG:colcon.colcon_core.event_reactor:joining thread
[27.114s] INFO:colcon.colcon_core.plugin_system:Skipping extension 'colcon_notification.desktop_notification.terminal_notifier': Not used on non-Darwin systems
[27.114s] INFO:colcon.colcon_core.plugin_system:Skipping extension 'colcon_notification.desktop_notification.win32': Not used on non-Windows systems
[27.114s] INFO:colcon.colcon_notification.desktop_notification:Sending desktop notification using 'notify2'
[27.158s] DEBUG:colcon.colcon_core.event_reactor:joined thread
[27.159s] INFO:colcon.colcon_core.shell:Creating prefix script '/home/lalit/Documents/dev/scratchpad/ros-playground/shankar_bot_ws/install/local_setup.ps1'
[27.162s] INFO:colcon.colcon_core.shell:Creating prefix util module '/home/lalit/Documents/dev/scratchpad/ros-playground/shankar_bot_ws/install/_local_setup_util_ps1.py'
[27.166s] INFO:colcon.colcon_core.shell:Creating prefix chain script '/home/lalit/Documents/dev/scratchpad/ros-playground/shankar_bot_ws/install/setup.ps1'
[27.169s] INFO:colcon.colcon_core.shell:Creating prefix script '/home/lalit/Documents/dev/scratchpad/ros-playground/shankar_bot_ws/install/local_setup.sh'
[27.171s] INFO:colcon.colcon_core.shell:Creating prefix util module '/home/lalit/Documents/dev/scratchpad/ros-playground/shankar_bot_ws/install/_local_setup_util_sh.py'
[27.174s] INFO:colcon.colcon_core.shell:Creating prefix chain script '/home/lalit/Documents/dev/scratchpad/ros-playground/shankar_bot_ws/install/setup.sh'
[27.177s] INFO:colcon.colcon_core.shell:Creating prefix script '/home/lalit/Documents/dev/scratchpad/ros-playground/shankar_bot_ws/install/local_setup.bash'
[27.179s] INFO:colcon.colcon_core.shell:Creating prefix chain script '/home/lalit/Documents/dev/scratchpad/ros-playground/shankar_bot_ws/install/setup.bash'
[27.183s] INFO:colcon.colcon_core.shell:Creating prefix script '/home/lalit/Documents/dev/scratchpad/ros-playground/shankar_bot_ws/install/local_setup.zsh'
[27.184s] INFO:colcon.colcon_core.shell:Creating prefix chain script '/home/lalit/Documents/dev/scratchpad/ros-playground/shankar_bot_ws/install/setup.zsh'
