[0.011s] Invoking command in '/home/lalit/Documents/dev/scratchpad/ros-playground/shankar_bot_ws/build/bot_interfaces': CMAKE_PREFIX_PATH=${CMAKE_PREFIX_PATH}:/home/lalit/Documents/dev/scratchpad/ros-playground/shankar_bot_ws/install/pkg1:/opt/ros/kilted /usr/bin/cmake /home/lalit/Documents/dev/scratchpad/ros-playground/shankar_bot_ws/src/bot_interfaces -DCMAKE_INSTALL_PREFIX=/home/lalit/Documents/dev/scratchpad/ros-playground/shankar_bot_ws/install/bot_interfaces
[0.028s] -- Found ament_cmake: 2.7.3 (/opt/ros/kilted/share/ament_cmake/cmake)
[0.057s] -- Found Python3: /usr/bin/python3 (found version "3.12.3") found components: Interpreter 
[0.140s] -- Override CMake install command with custom implementation using symlinks instead of copying resources
[0.151s] -- Found rosidl_default_generators: 1.7.1 (/opt/ros/kilted/share/rosidl_default_generators/cmake)
[0.155s] -- Using all available rosidl_typesupport_c: rosidl_typesupport_fastrtps_c;rosidl_typesupport_introspection_c
[0.198s] -- Using all available rosidl_typesupport_cpp: rosidl_typesupport_fastrtps_cpp;rosidl_typesupport_introspection_cpp
[0.233s] -- Found rosidl_adapter: 4.9.4 (/opt/ros/kilted/share/rosidl_adapter/cmake)
[0.547s] -- Found ament_cmake_ros_core: 0.14.3 (/opt/ros/kilted/share/ament_cmake_ros_core/cmake)
[0.654s] -- Using all available rosidl_typesupport_c: rosidl_typesupport_fastrtps_c;rosidl_typesupport_introspection_c
[0.803s] -- Using all available rosidl_typesupport_cpp: rosidl_typesupport_fastrtps_cpp;rosidl_typesupport_introspection_cpp
[1.072s] -- Found Python3: /usr/bin/python3 (found version "3.12.3") found components: Interpreter Development NumPy Development.Module Development.Embed 
[1.095s] -- Configuring done (1.1s)
[1.147s] -- Generating done (0.0s)
[1.164s] -- Build files have been written to: /home/lalit/Documents/dev/scratchpad/ros-playground/shankar_bot_ws/build/bot_interfaces
[1.173s] Invoked command in '/home/lalit/Documents/dev/scratchpad/ros-playground/shankar_bot_ws/build/bot_interfaces' returned '0': CMAKE_PREFIX_PATH=${CMAKE_PREFIX_PATH}:/home/lalit/Documents/dev/scratchpad/ros-playground/shankar_bot_ws/install/pkg1:/opt/ros/kilted /usr/bin/cmake /home/lalit/Documents/dev/scratchpad/ros-playground/shankar_bot_ws/src/bot_interfaces -DCMAKE_INSTALL_PREFIX=/home/lalit/Documents/dev/scratchpad/ros-playground/shankar_bot_ws/install/bot_interfaces
[1.175s] Invoking command in '/home/lalit/Documents/dev/scratchpad/ros-playground/shankar_bot_ws/build/bot_interfaces': CMAKE_PREFIX_PATH=${CMAKE_PREFIX_PATH}:/home/lalit/Documents/dev/scratchpad/ros-playground/shankar_bot_ws/install/pkg1:/opt/ros/kilted /usr/bin/cmake --build /home/lalit/Documents/dev/scratchpad/ros-playground/shankar_bot_ws/build/bot_interfaces -- -j8 -l8
[1.247s] [  2%] Built target bot_interfaces__rosidl_generator_type_description
[1.256s] [  2%] Built target ament_cmake_python_symlink_bot_interfaces
[1.275s] [  4%] Built target bot_interfaces__cpp
[1.279s] [ 22%] Built target bot_interfaces__rosidl_generator_c
[1.325s] [ 40%] Built target bot_interfaces__rosidl_typesupport_introspection_c
[1.325s] [ 40%] Built target bot_interfaces__rosidl_typesupport_c
[1.328s] [ 52%] Built target bot_interfaces__rosidl_typesupport_introspection_cpp
[1.328s] [ 59%] Built target bot_interfaces__rosidl_typesupport_cpp
[1.328s] [ 68%] Built target bot_interfaces__rosidl_typesupport_fastrtps_cpp
[1.330s] [ 77%] Built target bot_interfaces__rosidl_typesupport_fastrtps_c
[1.358s] [ 77%] Built target bot_interfaces
[1.386s] [ 79%] Built target bot_interfaces__py
[1.418s] [ 86%] Built target bot_interfaces__rosidl_generator_py
[1.450s] [ 90%] Built target bot_interfaces_s__rosidl_typesupport_introspection_c
[1.452s] [ 95%] Built target bot_interfaces_s__rosidl_typesupport_c
[1.458s] [100%] Built target bot_interfaces_s__rosidl_typesupport_fastrtps_c
[1.544s] running egg_info
[1.565s] writing bot_interfaces.egg-info/PKG-INFO
[1.565s] writing dependency_links to bot_interfaces.egg-info/dependency_links.txt
[1.565s] writing top-level names to bot_interfaces.egg-info/top_level.txt
[1.628s] reading manifest file 'bot_interfaces.egg-info/SOURCES.txt'
[1.628s] writing manifest file 'bot_interfaces.egg-info/SOURCES.txt'
[1.660s] [100%] Built target ament_cmake_python_build_bot_interfaces_egg
[1.676s] Invoked command in '/home/lalit/Documents/dev/scratchpad/ros-playground/shankar_bot_ws/build/bot_interfaces' returned '0': CMAKE_PREFIX_PATH=${CMAKE_PREFIX_PATH}:/home/lalit/Documents/dev/scratchpad/ros-playground/shankar_bot_ws/install/pkg1:/opt/ros/kilted /usr/bin/cmake --build /home/lalit/Documents/dev/scratchpad/ros-playground/shankar_bot_ws/build/bot_interfaces -- -j8 -l8
[1.689s] Invoking command in '/home/lalit/Documents/dev/scratchpad/ros-playground/shankar_bot_ws/build/bot_interfaces': CMAKE_PREFIX_PATH=${CMAKE_PREFIX_PATH}:/home/lalit/Documents/dev/scratchpad/ros-playground/shankar_bot_ws/install/pkg1:/opt/ros/kilted /usr/bin/cmake --install /home/lalit/Documents/dev/scratchpad/ros-playground/shankar_bot_ws/build/bot_interfaces
[1.702s] -- Install configuration: ""
[1.702s] -- Execute custom install script
[1.703s] -- Up-to-date symlink: /home/lalit/Documents/dev/scratchpad/ros-playground/shankar_bot_ws/install/bot_interfaces/share/ament_index/resource_index/rosidl_interfaces/bot_interfaces
[1.703s] -- Up-to-date symlink: /home/lalit/Documents/dev/scratchpad/ros-playground/shankar_bot_ws/install/bot_interfaces/share/bot_interfaces/msg/HardwareStatus.json
[1.704s] -- Up-to-date symlink: /home/lalit/Documents/dev/scratchpad/ros-playground/shankar_bot_ws/install/bot_interfaces/share/bot_interfaces/srv/ResetCounter.json
[1.704s] -- Up-to-date symlink: /home/lalit/Documents/dev/scratchpad/ros-playground/shankar_bot_ws/install/bot_interfaces/include/bot_interfaces/bot_interfaces/msg/detail/hardware_status__functions.h
[1.705s] -- Up-to-date symlink: /home/lalit/Documents/dev/scratchpad/ros-playground/shankar_bot_ws/install/bot_interfaces/include/bot_interfaces/bot_interfaces/msg/detail/hardware_status__struct.h
[1.705s] -- Up-to-date symlink: /home/lalit/Documents/dev/scratchpad/ros-playground/shankar_bot_ws/install/bot_interfaces/include/bot_interfaces/bot_interfaces/msg/detail/hardware_status__type_support.h
[1.705s] -- Up-to-date symlink: /home/lalit/Documents/dev/scratchpad/ros-playground/shankar_bot_ws/install/bot_interfaces/include/bot_interfaces/bot_interfaces/msg/hardware_status.h
[1.705s] -- Up-to-date symlink: /home/lalit/Documents/dev/scratchpad/ros-playground/shankar_bot_ws/install/bot_interfaces/include/bot_interfaces/bot_interfaces/msg/rosidl_generator_c__visibility_control.h
[1.706s] -- Up-to-date symlink: /home/lalit/Documents/dev/scratchpad/ros-playground/shankar_bot_ws/install/bot_interfaces/include/bot_interfaces/bot_interfaces/srv/detail/reset_counter__functions.h
[1.706s] -- Up-to-date symlink: /home/lalit/Documents/dev/scratchpad/ros-playground/shankar_bot_ws/install/bot_interfaces/include/bot_interfaces/bot_interfaces/srv/detail/reset_counter__struct.h
[1.706s] -- Up-to-date symlink: /home/lalit/Documents/dev/scratchpad/ros-playground/shankar_bot_ws/install/bot_interfaces/include/bot_interfaces/bot_interfaces/srv/detail/reset_counter__type_support.h
[1.707s] -- Up-to-date symlink: /home/lalit/Documents/dev/scratchpad/ros-playground/shankar_bot_ws/install/bot_interfaces/include/bot_interfaces/bot_interfaces/srv/reset_counter.h
[1.707s] -- Up-to-date symlink: /home/lalit/Documents/dev/scratchpad/ros-playground/shankar_bot_ws/install/bot_interfaces/share/bot_interfaces/environment/library_path.sh
[1.708s] -- Up-to-date symlink: /home/lalit/Documents/dev/scratchpad/ros-playground/shankar_bot_ws/install/bot_interfaces/share/bot_interfaces/environment/library_path.dsv
[1.708s] -- Up-to-date symlink: /home/lalit/Documents/dev/scratchpad/ros-playground/shankar_bot_ws/install/bot_interfaces/include/bot_interfaces/bot_interfaces/msg/detail/hardware_status__rosidl_typesupport_fastrtps_c.h
[1.709s] -- Up-to-date symlink: /home/lalit/Documents/dev/scratchpad/ros-playground/shankar_bot_ws/install/bot_interfaces/include/bot_interfaces/bot_interfaces/msg/rosidl_typesupport_fastrtps_c__visibility_control.h
[1.709s] -- Up-to-date symlink: /home/lalit/Documents/dev/scratchpad/ros-playground/shankar_bot_ws/install/bot_interfaces/include/bot_interfaces/bot_interfaces/srv/detail/reset_counter__rosidl_typesupport_fastrtps_c.h
[1.710s] -- Up-to-date symlink: /home/lalit/Documents/dev/scratchpad/ros-playground/shankar_bot_ws/install/bot_interfaces/include/bot_interfaces/bot_interfaces/msg/detail/hardware_status__rosidl_typesupport_introspection_c.h
[1.710s] -- Up-to-date symlink: /home/lalit/Documents/dev/scratchpad/ros-playground/shankar_bot_ws/install/bot_interfaces/include/bot_interfaces/bot_interfaces/msg/rosidl_typesupport_introspection_c__visibility_control.h
[1.710s] -- Up-to-date symlink: /home/lalit/Documents/dev/scratchpad/ros-playground/shankar_bot_ws/install/bot_interfaces/include/bot_interfaces/bot_interfaces/srv/detail/reset_counter__rosidl_typesupport_introspection_c.h
[1.711s] -- Up-to-date symlink: /home/lalit/Documents/dev/scratchpad/ros-playground/shankar_bot_ws/install/bot_interfaces/include/bot_interfaces/bot_interfaces/msg/detail/hardware_status__builder.hpp
[1.711s] -- Up-to-date symlink: /home/lalit/Documents/dev/scratchpad/ros-playground/shankar_bot_ws/install/bot_interfaces/include/bot_interfaces/bot_interfaces/msg/detail/hardware_status__struct.hpp
[1.711s] -- Up-to-date symlink: /home/lalit/Documents/dev/scratchpad/ros-playground/shankar_bot_ws/install/bot_interfaces/include/bot_interfaces/bot_interfaces/msg/detail/hardware_status__traits.hpp
[1.712s] -- Up-to-date symlink: /home/lalit/Documents/dev/scratchpad/ros-playground/shankar_bot_ws/install/bot_interfaces/include/bot_interfaces/bot_interfaces/msg/detail/hardware_status__type_support.hpp
[1.712s] -- Up-to-date symlink: /home/lalit/Documents/dev/scratchpad/ros-playground/shankar_bot_ws/install/bot_interfaces/include/bot_interfaces/bot_interfaces/msg/hardware_status.hpp
[1.713s] -- Up-to-date symlink: /home/lalit/Documents/dev/scratchpad/ros-playground/shankar_bot_ws/install/bot_interfaces/include/bot_interfaces/bot_interfaces/msg/rosidl_generator_cpp__visibility_control.hpp
[1.713s] -- Up-to-date symlink: /home/lalit/Documents/dev/scratchpad/ros-playground/shankar_bot_ws/install/bot_interfaces/include/bot_interfaces/bot_interfaces/srv/detail/reset_counter__builder.hpp
[1.713s] -- Up-to-date symlink: /home/lalit/Documents/dev/scratchpad/ros-playground/shankar_bot_ws/install/bot_interfaces/include/bot_interfaces/bot_interfaces/srv/detail/reset_counter__struct.hpp
[1.714s] -- Up-to-date symlink: /home/lalit/Documents/dev/scratchpad/ros-playground/shankar_bot_ws/install/bot_interfaces/include/bot_interfaces/bot_interfaces/srv/detail/reset_counter__traits.hpp
[1.714s] -- Up-to-date symlink: /home/lalit/Documents/dev/scratchpad/ros-playground/shankar_bot_ws/install/bot_interfaces/include/bot_interfaces/bot_interfaces/srv/detail/reset_counter__type_support.hpp
[1.714s] -- Up-to-date symlink: /home/lalit/Documents/dev/scratchpad/ros-playground/shankar_bot_ws/install/bot_interfaces/include/bot_interfaces/bot_interfaces/srv/reset_counter.hpp
[1.715s] -- Up-to-date symlink: /home/lalit/Documents/dev/scratchpad/ros-playground/shankar_bot_ws/install/bot_interfaces/include/bot_interfaces/bot_interfaces/msg/detail/hardware_status__rosidl_typesupport_fastrtps_cpp.hpp
[1.715s] -- Up-to-date symlink: /home/lalit/Documents/dev/scratchpad/ros-playground/shankar_bot_ws/install/bot_interfaces/include/bot_interfaces/bot_interfaces/msg/rosidl_typesupport_fastrtps_cpp__visibility_control.h
[1.716s] -- Up-to-date symlink: /home/lalit/Documents/dev/scratchpad/ros-playground/shankar_bot_ws/install/bot_interfaces/include/bot_interfaces/bot_interfaces/srv/detail/reset_counter__rosidl_typesupport_fastrtps_cpp.hpp
[1.716s] -- Up-to-date symlink: /home/lalit/Documents/dev/scratchpad/ros-playground/shankar_bot_ws/install/bot_interfaces/include/bot_interfaces/bot_interfaces/msg/detail/hardware_status__rosidl_typesupport_introspection_cpp.hpp
[1.717s] -- Up-to-date symlink: /home/lalit/Documents/dev/scratchpad/ros-playground/shankar_bot_ws/install/bot_interfaces/include/bot_interfaces/bot_interfaces/srv/detail/reset_counter__rosidl_typesupport_introspection_cpp.hpp
[1.717s] -- Up-to-date symlink: /home/lalit/Documents/dev/scratchpad/ros-playground/shankar_bot_ws/install/bot_interfaces/share/bot_interfaces/environment/pythonpath.sh
[1.717s] -- Up-to-date symlink: /home/lalit/Documents/dev/scratchpad/ros-playground/shankar_bot_ws/install/bot_interfaces/share/bot_interfaces/environment/pythonpath.dsv
[1.718s] -- Up-to-date symlink: /home/lalit/Documents/dev/scratchpad/ros-playground/shankar_bot_ws/install/bot_interfaces/lib/python3.12/site-packages/bot_interfaces-0.0.0-py3.12.egg-info/PKG-INFO
[1.718s] -- Up-to-date symlink: /home/lalit/Documents/dev/scratchpad/ros-playground/shankar_bot_ws/install/bot_interfaces/lib/python3.12/site-packages/bot_interfaces-0.0.0-py3.12.egg-info/SOURCES.txt
[1.718s] -- Up-to-date symlink: /home/lalit/Documents/dev/scratchpad/ros-playground/shankar_bot_ws/install/bot_interfaces/lib/python3.12/site-packages/bot_interfaces-0.0.0-py3.12.egg-info/dependency_links.txt
[1.719s] -- Up-to-date symlink: /home/lalit/Documents/dev/scratchpad/ros-playground/shankar_bot_ws/install/bot_interfaces/lib/python3.12/site-packages/bot_interfaces-0.0.0-py3.12.egg-info/top_level.txt
[1.720s] -- Up-to-date symlink: /home/lalit/Documents/dev/scratchpad/ros-playground/shankar_bot_ws/install/bot_interfaces/lib/python3.12/site-packages/bot_interfaces/__init__.py
[1.720s] -- Up-to-date symlink: /home/lalit/Documents/dev/scratchpad/ros-playground/shankar_bot_ws/install/bot_interfaces/lib/python3.12/site-packages/bot_interfaces/_bot_interfaces_s.ep.rosidl_typesupport_c.c
[1.720s] -- Up-to-date symlink: /home/lalit/Documents/dev/scratchpad/ros-playground/shankar_bot_ws/install/bot_interfaces/lib/python3.12/site-packages/bot_interfaces/_bot_interfaces_s.ep.rosidl_typesupport_fastrtps_c.c
[1.720s] -- Up-to-date symlink: /home/lalit/Documents/dev/scratchpad/ros-playground/shankar_bot_ws/install/bot_interfaces/lib/python3.12/site-packages/bot_interfaces/_bot_interfaces_s.ep.rosidl_typesupport_introspection_c.c
[1.721s] -- Up-to-date symlink: /home/lalit/Documents/dev/scratchpad/ros-playground/shankar_bot_ws/install/bot_interfaces/lib/python3.12/site-packages/bot_interfaces/bot_interfaces_s__rosidl_typesupport_c.so
[1.721s] -- Up-to-date symlink: /home/lalit/Documents/dev/scratchpad/ros-playground/shankar_bot_ws/install/bot_interfaces/lib/python3.12/site-packages/bot_interfaces/bot_interfaces_s__rosidl_typesupport_fastrtps_c.so
[1.721s] -- Up-to-date symlink: /home/lalit/Documents/dev/scratchpad/ros-playground/shankar_bot_ws/install/bot_interfaces/lib/python3.12/site-packages/bot_interfaces/bot_interfaces_s__rosidl_typesupport_introspection_c.so
[1.721s] -- Up-to-date symlink: /home/lalit/Documents/dev/scratchpad/ros-playground/shankar_bot_ws/install/bot_interfaces/lib/python3.12/site-packages/bot_interfaces/msg/__init__.py
[1.722s] -- Up-to-date symlink: /home/lalit/Documents/dev/scratchpad/ros-playground/shankar_bot_ws/install/bot_interfaces/lib/python3.12/site-packages/bot_interfaces/msg/_hardware_status.py
[1.722s] -- Up-to-date symlink: /home/lalit/Documents/dev/scratchpad/ros-playground/shankar_bot_ws/install/bot_interfaces/lib/python3.12/site-packages/bot_interfaces/msg/_hardware_status_s.c
[1.722s] -- Up-to-date symlink: /home/lalit/Documents/dev/scratchpad/ros-playground/shankar_bot_ws/install/bot_interfaces/lib/python3.12/site-packages/bot_interfaces/srv/__init__.py
[1.722s] -- Up-to-date symlink: /home/lalit/Documents/dev/scratchpad/ros-playground/shankar_bot_ws/install/bot_interfaces/lib/python3.12/site-packages/bot_interfaces/srv/_reset_counter.py
[1.723s] -- Up-to-date symlink: /home/lalit/Documents/dev/scratchpad/ros-playground/shankar_bot_ws/install/bot_interfaces/lib/python3.12/site-packages/bot_interfaces/srv/_reset_counter_s.c
[1.723s] -- Up-to-date symlink: /home/lalit/Documents/dev/scratchpad/ros-playground/shankar_bot_ws/install/bot_interfaces/lib/python3.12/site-packages/bot_interfaces/bot_interfaces_s__rosidl_typesupport_fastrtps_c.so
[1.724s] -- Up-to-date symlink: /home/lalit/Documents/dev/scratchpad/ros-playground/shankar_bot_ws/install/bot_interfaces/lib/python3.12/site-packages/bot_interfaces/bot_interfaces_s__rosidl_typesupport_introspection_c.so
[1.724s] -- Up-to-date symlink: /home/lalit/Documents/dev/scratchpad/ros-playground/shankar_bot_ws/install/bot_interfaces/lib/python3.12/site-packages/bot_interfaces/bot_interfaces_s__rosidl_typesupport_c.so
[1.725s] -- Up-to-date symlink: /home/lalit/Documents/dev/scratchpad/ros-playground/shankar_bot_ws/install/bot_interfaces/share/bot_interfaces/msg/HardwareStatus.idl
[1.725s] -- Up-to-date symlink: /home/lalit/Documents/dev/scratchpad/ros-playground/shankar_bot_ws/install/bot_interfaces/share/bot_interfaces/srv/ResetCounter.idl
[1.725s] -- Up-to-date symlink: /home/lalit/Documents/dev/scratchpad/ros-playground/shankar_bot_ws/install/bot_interfaces/share/bot_interfaces/msg/HardwareStatus.msg
[1.726s] -- Up-to-date symlink: /home/lalit/Documents/dev/scratchpad/ros-playground/shankar_bot_ws/install/bot_interfaces/share/bot_interfaces/srv/ResetCounter.srv
[1.726s] -- Up-to-date symlink: /home/lalit/Documents/dev/scratchpad/ros-playground/shankar_bot_ws/install/bot_interfaces/share/ament_index/resource_index/package_run_dependencies/bot_interfaces
[1.727s] -- Up-to-date symlink: /home/lalit/Documents/dev/scratchpad/ros-playground/shankar_bot_ws/install/bot_interfaces/share/ament_index/resource_index/parent_prefix_path/bot_interfaces
[1.727s] -- Up-to-date symlink: /home/lalit/Documents/dev/scratchpad/ros-playground/shankar_bot_ws/install/bot_interfaces/share/bot_interfaces/environment/ament_prefix_path.sh
[1.727s] -- Up-to-date symlink: /home/lalit/Documents/dev/scratchpad/ros-playground/shankar_bot_ws/install/bot_interfaces/share/bot_interfaces/environment/ament_prefix_path.dsv
[1.728s] -- Up-to-date symlink: /home/lalit/Documents/dev/scratchpad/ros-playground/shankar_bot_ws/install/bot_interfaces/share/bot_interfaces/environment/path.sh
[1.728s] -- Up-to-date symlink: /home/lalit/Documents/dev/scratchpad/ros-playground/shankar_bot_ws/install/bot_interfaces/share/bot_interfaces/environment/path.dsv
[1.728s] -- Up-to-date symlink: /home/lalit/Documents/dev/scratchpad/ros-playground/shankar_bot_ws/install/bot_interfaces/share/bot_interfaces/local_setup.bash
[1.729s] -- Up-to-date symlink: /home/lalit/Documents/dev/scratchpad/ros-playground/shankar_bot_ws/install/bot_interfaces/share/bot_interfaces/local_setup.sh
[1.729s] -- Up-to-date symlink: /home/lalit/Documents/dev/scratchpad/ros-playground/shankar_bot_ws/install/bot_interfaces/share/bot_interfaces/local_setup.zsh
[1.729s] -- Up-to-date symlink: /home/lalit/Documents/dev/scratchpad/ros-playground/shankar_bot_ws/install/bot_interfaces/share/bot_interfaces/local_setup.dsv
[1.730s] -- Symlinking: /home/lalit/Documents/dev/scratchpad/ros-playground/shankar_bot_ws/install/bot_interfaces/share/bot_interfaces/package.dsv
[1.742s] -- Up-to-date symlink: /home/lalit/Documents/dev/scratchpad/ros-playground/shankar_bot_ws/install/bot_interfaces/share/ament_index/resource_index/packages/bot_interfaces
[1.742s] -- Up-to-date symlink: /home/lalit/Documents/dev/scratchpad/ros-playground/shankar_bot_ws/install/bot_interfaces/share/bot_interfaces/cmake/rosidl_cmake-extras.cmake
[1.742s] -- Up-to-date symlink: /home/lalit/Documents/dev/scratchpad/ros-playground/shankar_bot_ws/install/bot_interfaces/share/bot_interfaces/cmake/ament_cmake_export_dependencies-extras.cmake
[1.743s] -- Up-to-date symlink: /home/lalit/Documents/dev/scratchpad/ros-playground/shankar_bot_ws/install/bot_interfaces/share/bot_interfaces/cmake/ament_cmake_export_include_directories-extras.cmake
[1.743s] -- Up-to-date symlink: /home/lalit/Documents/dev/scratchpad/ros-playground/shankar_bot_ws/install/bot_interfaces/share/bot_interfaces/cmake/ament_cmake_export_libraries-extras.cmake
[1.743s] -- Up-to-date symlink: /home/lalit/Documents/dev/scratchpad/ros-playground/shankar_bot_ws/install/bot_interfaces/share/bot_interfaces/cmake/ament_cmake_export_targets-extras.cmake
[1.744s] -- Up-to-date symlink: /home/lalit/Documents/dev/scratchpad/ros-playground/shankar_bot_ws/install/bot_interfaces/share/bot_interfaces/cmake/rosidl_cmake_export_typesupport_targets-extras.cmake
[1.744s] -- Up-to-date symlink: /home/lalit/Documents/dev/scratchpad/ros-playground/shankar_bot_ws/install/bot_interfaces/share/bot_interfaces/cmake/rosidl_cmake_export_typesupport_libraries-extras.cmake
[1.745s] -- Up-to-date symlink: /home/lalit/Documents/dev/scratchpad/ros-playground/shankar_bot_ws/install/bot_interfaces/share/bot_interfaces/cmake/bot_interfacesConfig.cmake
[1.745s] -- Up-to-date symlink: /home/lalit/Documents/dev/scratchpad/ros-playground/shankar_bot_ws/install/bot_interfaces/share/bot_interfaces/cmake/bot_interfacesConfig-version.cmake
[1.745s] -- Up-to-date symlink: /home/lalit/Documents/dev/scratchpad/ros-playground/shankar_bot_ws/install/bot_interfaces/share/bot_interfaces/package.xml
[1.746s] -- Up-to-date: /home/lalit/Documents/dev/scratchpad/ros-playground/shankar_bot_ws/install/bot_interfaces/lib/libbot_interfaces__rosidl_generator_c.so
[1.746s] -- Up-to-date: /home/lalit/Documents/dev/scratchpad/ros-playground/shankar_bot_ws/install/bot_interfaces/lib/libbot_interfaces__rosidl_typesupport_fastrtps_c.so
[1.747s] -- Up-to-date: /home/lalit/Documents/dev/scratchpad/ros-playground/shankar_bot_ws/install/bot_interfaces/lib/libbot_interfaces__rosidl_typesupport_introspection_c.so
[1.747s] -- Up-to-date: /home/lalit/Documents/dev/scratchpad/ros-playground/shankar_bot_ws/install/bot_interfaces/lib/libbot_interfaces__rosidl_typesupport_c.so
[1.748s] -- Up-to-date: /home/lalit/Documents/dev/scratchpad/ros-playground/shankar_bot_ws/install/bot_interfaces/lib/libbot_interfaces__rosidl_typesupport_fastrtps_cpp.so
[1.748s] -- Up-to-date: /home/lalit/Documents/dev/scratchpad/ros-playground/shankar_bot_ws/install/bot_interfaces/lib/libbot_interfaces__rosidl_typesupport_introspection_cpp.so
[1.749s] -- Up-to-date: /home/lalit/Documents/dev/scratchpad/ros-playground/shankar_bot_ws/install/bot_interfaces/lib/libbot_interfaces__rosidl_typesupport_cpp.so
[1.794s] Listing '/home/lalit/Documents/dev/scratchpad/ros-playground/shankar_bot_ws/install/bot_interfaces/lib/python3.12/site-packages/bot_interfaces'...
[1.794s] Compiling '/home/lalit/Documents/dev/scratchpad/ros-playground/shankar_bot_ws/install/bot_interfaces/lib/python3.12/site-packages/bot_interfaces/__init__.py'...
[1.795s] Listing '/home/lalit/Documents/dev/scratchpad/ros-playground/shankar_bot_ws/install/bot_interfaces/lib/python3.12/site-packages/bot_interfaces/msg'...
[1.795s] Listing '/home/lalit/Documents/dev/scratchpad/ros-playground/shankar_bot_ws/install/bot_interfaces/lib/python3.12/site-packages/bot_interfaces/srv'...
[1.803s] -- Up-to-date: /home/lalit/Documents/dev/scratchpad/ros-playground/shankar_bot_ws/install/bot_interfaces/lib/libbot_interfaces__rosidl_generator_py.so
[1.804s] -- Up-to-date: /home/lalit/Documents/dev/scratchpad/ros-playground/shankar_bot_ws/install/bot_interfaces/share/bot_interfaces/cmake/export_bot_interfaces__rosidl_generator_cExport.cmake
[1.804s] -- Up-to-date: /home/lalit/Documents/dev/scratchpad/ros-playground/shankar_bot_ws/install/bot_interfaces/share/bot_interfaces/cmake/export_bot_interfaces__rosidl_generator_cExport-noconfig.cmake
[1.804s] -- Up-to-date: /home/lalit/Documents/dev/scratchpad/ros-playground/shankar_bot_ws/install/bot_interfaces/share/bot_interfaces/cmake/export_bot_interfaces__rosidl_typesupport_fastrtps_cExport.cmake
[1.805s] -- Up-to-date: /home/lalit/Documents/dev/scratchpad/ros-playground/shankar_bot_ws/install/bot_interfaces/share/bot_interfaces/cmake/export_bot_interfaces__rosidl_typesupport_fastrtps_cExport-noconfig.cmake
[1.805s] -- Up-to-date: /home/lalit/Documents/dev/scratchpad/ros-playground/shankar_bot_ws/install/bot_interfaces/share/bot_interfaces/cmake/bot_interfaces__rosidl_typesupport_introspection_cExport.cmake
[1.805s] -- Up-to-date: /home/lalit/Documents/dev/scratchpad/ros-playground/shankar_bot_ws/install/bot_interfaces/share/bot_interfaces/cmake/bot_interfaces__rosidl_typesupport_introspection_cExport-noconfig.cmake
[1.805s] -- Up-to-date: /home/lalit/Documents/dev/scratchpad/ros-playground/shankar_bot_ws/install/bot_interfaces/share/bot_interfaces/cmake/bot_interfaces__rosidl_typesupport_cExport.cmake
[1.805s] -- Up-to-date: /home/lalit/Documents/dev/scratchpad/ros-playground/shankar_bot_ws/install/bot_interfaces/share/bot_interfaces/cmake/bot_interfaces__rosidl_typesupport_cExport-noconfig.cmake
[1.805s] -- Up-to-date: /home/lalit/Documents/dev/scratchpad/ros-playground/shankar_bot_ws/install/bot_interfaces/share/bot_interfaces/cmake/export_bot_interfaces__rosidl_generator_cppExport.cmake
[1.805s] -- Up-to-date: /home/lalit/Documents/dev/scratchpad/ros-playground/shankar_bot_ws/install/bot_interfaces/share/bot_interfaces/cmake/export_bot_interfaces__rosidl_typesupport_fastrtps_cppExport.cmake
[1.806s] -- Up-to-date: /home/lalit/Documents/dev/scratchpad/ros-playground/shankar_bot_ws/install/bot_interfaces/share/bot_interfaces/cmake/export_bot_interfaces__rosidl_typesupport_fastrtps_cppExport-noconfig.cmake
[1.806s] -- Up-to-date: /home/lalit/Documents/dev/scratchpad/ros-playground/shankar_bot_ws/install/bot_interfaces/share/bot_interfaces/cmake/bot_interfaces__rosidl_typesupport_introspection_cppExport.cmake
[1.806s] -- Up-to-date: /home/lalit/Documents/dev/scratchpad/ros-playground/shankar_bot_ws/install/bot_interfaces/share/bot_interfaces/cmake/bot_interfaces__rosidl_typesupport_introspection_cppExport-noconfig.cmake
[1.806s] -- Up-to-date: /home/lalit/Documents/dev/scratchpad/ros-playground/shankar_bot_ws/install/bot_interfaces/share/bot_interfaces/cmake/bot_interfaces__rosidl_typesupport_cppExport.cmake
[1.806s] -- Up-to-date: /home/lalit/Documents/dev/scratchpad/ros-playground/shankar_bot_ws/install/bot_interfaces/share/bot_interfaces/cmake/bot_interfaces__rosidl_typesupport_cppExport-noconfig.cmake
[1.806s] -- Up-to-date: /home/lalit/Documents/dev/scratchpad/ros-playground/shankar_bot_ws/install/bot_interfaces/share/bot_interfaces/cmake/export_bot_interfaces__rosidl_generator_pyExport.cmake
[1.806s] -- Up-to-date: /home/lalit/Documents/dev/scratchpad/ros-playground/shankar_bot_ws/install/bot_interfaces/share/bot_interfaces/cmake/export_bot_interfaces__rosidl_generator_pyExport-noconfig.cmake
[1.808s] Invoked command in '/home/lalit/Documents/dev/scratchpad/ros-playground/shankar_bot_ws/build/bot_interfaces' returned '0': CMAKE_PREFIX_PATH=${CMAKE_PREFIX_PATH}:/home/lalit/Documents/dev/scratchpad/ros-playground/shankar_bot_ws/install/pkg1:/opt/ros/kilted /usr/bin/cmake --install /home/lalit/Documents/dev/scratchpad/ros-playground/shankar_bot_ws/build/bot_interfaces
