[3.642s] Invoking command in '/home/lalit/Documents/dev/scratchpad/ros-playground/shankar_bot_ws/src/pkg1': PYTHONPATH=/home/lalit/Documents/dev/scratchpad/ros-playground/shankar_bot_ws/build/pkg1/prefix_override:/usr/lib/python3/dist-packages/colcon_core/task/python/colcon_distutils_commands:/home/lalit/Documents/dev/scratchpad/ros-playground/shankar_bot_ws/install/pkg1/lib/python3.12/site-packages:/home/lalit/Documents/dev/scratchpad/ros-playground/shankar_bot_ws/install/bot_interfaces/lib/python3.12/site-packages:/home/lalit/Documents/dev/scratchpad/ros-playground/shankar_bot_ws/build/pkg1:/home/lalit/Documents/dev/scratchpad/ros-playground/shankar_bot_ws/install/pkg1/lib/python3.12/site-packages:/opt/ros/kilted/lib/python3.12/site-packages /usr/bin/python3 -W ignore:setup.py install is deprecated -W ignore:easy_install command is deprecated setup.py egg_info --egg-base ../../build/pkg1 build --build-base /home/lalit/Documents/dev/scratchpad/ros-playground/shankar_bot_ws/build/pkg1/build install --record /home/lalit/Documents/dev/scratchpad/ros-playground/shankar_bot_ws/build/pkg1/install.log --single-version-externally-managed install_data
[4.787s] running egg_info
[4.862s] writing ../../build/pkg1/pkg1.egg-info/PKG-INFO
[4.863s] writing dependency_links to ../../build/pkg1/pkg1.egg-info/dependency_links.txt
[4.863s] writing entry points to ../../build/pkg1/pkg1.egg-info/entry_points.txt
[4.864s] writing requirements to ../../build/pkg1/pkg1.egg-info/requires.txt
[4.865s] writing top-level names to ../../build/pkg1/pkg1.egg-info/top_level.txt
[5.015s] reading manifest file '../../build/pkg1/pkg1.egg-info/SOURCES.txt'
[5.019s] writing manifest file '../../build/pkg1/pkg1.egg-info/SOURCES.txt'
[5.019s] running build
[5.020s] running build_py
[5.021s] copying pkg1/actionserver.py -> /home/lalit/Documents/dev/scratchpad/ros-playground/shankar_bot_ws/build/pkg1/build/lib/pkg1
[5.022s] running install
[5.044s] running install_lib
[5.128s] copying /home/lalit/Documents/dev/scratchpad/ros-playground/shankar_bot_ws/build/pkg1/build/lib/pkg1/actionserver.py -> /home/lalit/Documents/dev/scratchpad/ros-playground/shankar_bot_ws/install/pkg1/lib/python3.12/site-packages/pkg1
[5.131s] byte-compiling /home/lalit/Documents/dev/scratchpad/ros-playground/shankar_bot_ws/install/pkg1/lib/python3.12/site-packages/pkg1/actionserver.py to actionserver.cpython-312.pyc
[5.135s] running install_data
[5.136s] running install_egg_info
[5.232s] removing '/home/lalit/Documents/dev/scratchpad/ros-playground/shankar_bot_ws/install/pkg1/lib/python3.12/site-packages/pkg1-0.0.0-py3.12.egg-info' (and everything under it)
[5.234s] Copying ../../build/pkg1/pkg1.egg-info to /home/lalit/Documents/dev/scratchpad/ros-playground/shankar_bot_ws/install/pkg1/lib/python3.12/site-packages/pkg1-0.0.0-py3.12.egg-info
[5.240s] running install_scripts
[5.851s] Installing actionclient script to /home/lalit/Documents/dev/scratchpad/ros-playground/shankar_bot_ws/install/pkg1/lib/pkg1
[5.852s] Installing actionserver script to /home/lalit/Documents/dev/scratchpad/ros-playground/shankar_bot_ws/install/pkg1/lib/pkg1
[5.852s] Installing client script to /home/lalit/Documents/dev/scratchpad/ros-playground/shankar_bot_ws/install/pkg1/lib/pkg1
[5.853s] Installing numpub script to /home/lalit/Documents/dev/scratchpad/ros-playground/shankar_bot_ws/install/pkg1/lib/pkg1
[5.854s] Installing numsub script to /home/lalit/Documents/dev/scratchpad/ros-playground/shankar_bot_ws/install/pkg1/lib/pkg1
[5.855s] Installing test_node script to /home/lalit/Documents/dev/scratchpad/ros-playground/shankar_bot_ws/install/pkg1/lib/pkg1
[5.856s] writing list of installed files to '/home/lalit/Documents/dev/scratchpad/ros-playground/shankar_bot_ws/build/pkg1/install.log'
[5.947s] Invoked command in '/home/lalit/Documents/dev/scratchpad/ros-playground/shankar_bot_ws/src/pkg1' returned '0': PYTHONPATH=/home/lalit/Documents/dev/scratchpad/ros-playground/shankar_bot_ws/build/pkg1/prefix_override:/usr/lib/python3/dist-packages/colcon_core/task/python/colcon_distutils_commands:/home/lalit/Documents/dev/scratchpad/ros-playground/shankar_bot_ws/install/pkg1/lib/python3.12/site-packages:/home/lalit/Documents/dev/scratchpad/ros-playground/shankar_bot_ws/install/bot_interfaces/lib/python3.12/site-packages:/home/lalit/Documents/dev/scratchpad/ros-playground/shankar_bot_ws/build/pkg1:/home/lalit/Documents/dev/scratchpad/ros-playground/shankar_bot_ws/install/pkg1/lib/python3.12/site-packages:/opt/ros/kilted/lib/python3.12/site-packages /usr/bin/python3 -W ignore:setup.py install is deprecated -W ignore:easy_install command is deprecated setup.py egg_info --egg-base ../../build/pkg1 build --build-base /home/lalit/Documents/dev/scratchpad/ros-playground/shankar_bot_ws/build/pkg1/build install --record /home/lalit/Documents/dev/scratchpad/ros-playground/shankar_bot_ws/build/pkg1/install.log --single-version-externally-managed install_data
