[0.040s] Invoking command in '/home/lalit/Documents/dev/scratchpad/ros-playground/shankar_bot_ws/build/bot_interfaces': CMAKE_PREFIX_PATH=${CMAKE_PREFIX_PATH}:/home/lalit/Documents/dev/scratchpad/ros-playground/shankar_bot_ws/install/pkg1:/opt/ros/kilted /usr/bin/cmake /home/lalit/Documents/dev/scratchpad/ros-playground/shankar_bot_ws/src/bot_interfaces -DCMAKE_INSTALL_PREFIX=/home/lalit/Documents/dev/scratchpad/ros-playground/shankar_bot_ws/install/bot_interfaces
[0.103s] -- Found ament_cmake: 2.7.3 (/opt/ros/kilted/share/ament_cmake/cmake)
[0.974s] -- Override CMake install command with custom implementation using symlinks instead of copying resources
[1.010s] -- Found rosidl_default_generators: 1.7.1 (/opt/ros/kilted/share/rosidl_default_generators/cmake)
[1.028s] -- Using all available rosidl_typesupport_c: rosidl_typesupport_fastrtps_c;rosidl_typesupport_introspection_c
[1.233s] -- Using all available rosidl_typesupport_cpp: rosidl_typesupport_fastrtps_cpp;rosidl_typesupport_introspection_cpp
[1.378s] -- Found rosidl_adapter: 4.9.4 (/opt/ros/kilted/share/rosidl_adapter/cmake)
[4.179s] -- Found ament_cmake_ros_core: 0.14.3 (/opt/ros/kilted/share/ament_cmake_ros_core/cmake)
[6.164s] -- Using all available rosidl_typesupport_c: rosidl_typesupport_fastrtps_c;rosidl_typesupport_introspection_c
[8.878s] -- Using all available rosidl_typesupport_cpp: rosidl_typesupport_fastrtps_cpp;rosidl_typesupport_introspection_cpp
[11.009s] -- Found Python3: /usr/bin/python3 (found version "3.12.3") found components: Interpreter Development NumPy Development.Module Development.Embed 
[11.224s] -- Configuring done (11.1s)
[11.396s] -- Generating done (0.1s)
[11.448s] -- Build files have been written to: /home/lalit/Documents/dev/scratchpad/ros-playground/shankar_bot_ws/build/bot_interfaces
[11.476s] Invoked command in '/home/lalit/Documents/dev/scratchpad/ros-playground/shankar_bot_ws/build/bot_interfaces' returned '0': CMAKE_PREFIX_PATH=${CMAKE_PREFIX_PATH}:/home/lalit/Documents/dev/scratchpad/ros-playground/shankar_bot_ws/install/pkg1:/opt/ros/kilted /usr/bin/cmake /home/lalit/Documents/dev/scratchpad/ros-playground/shankar_bot_ws/src/bot_interfaces -DCMAKE_INSTALL_PREFIX=/home/lalit/Documents/dev/scratchpad/ros-playground/shankar_bot_ws/install/bot_interfaces
[11.484s] Invoking command in '/home/lalit/Documents/dev/scratchpad/ros-playground/shankar_bot_ws/build/bot_interfaces': CMAKE_PREFIX_PATH=${CMAKE_PREFIX_PATH}:/home/lalit/Documents/dev/scratchpad/ros-playground/shankar_bot_ws/install/pkg1:/opt/ros/kilted /usr/bin/cmake --build /home/lalit/Documents/dev/scratchpad/ros-playground/shankar_bot_ws/build/bot_interfaces -- -j8 -l8
[11.743s] [  2%] [34m[1mGenerating type hashes for ROS interfaces[0m
[11.785s] [  2%] Built target ament_cmake_python_symlink_bot_interfaces
[12.768s] [  2%] Built target bot_interfaces__rosidl_generator_type_description
[12.837s] [  5%] [34m[1mGenerating C code for ROS interfaces[0m
[12.909s] [  8%] [34m[1mGenerating C++ code for ROS interfaces[0m
[13.027s] running egg_info
[13.030s] creating bot_interfaces.egg-info
[13.245s] writing bot_interfaces.egg-info/PKG-INFO
[13.245s] writing dependency_links to bot_interfaces.egg-info/dependency_links.txt
[13.246s] writing top-level names to bot_interfaces.egg-info/top_level.txt
[13.246s] writing manifest file 'bot_interfaces.egg-info/SOURCES.txt'
[13.639s] reading manifest file 'bot_interfaces.egg-info/SOURCES.txt'
[13.642s] writing manifest file 'bot_interfaces.egg-info/SOURCES.txt'
[13.801s] [  8%] Built target ament_cmake_python_build_bot_interfaces_egg
[14.216s] [  8%] Built target bot_interfaces__cpp
[14.320s] [ 11%] [32mBuilding C object CMakeFiles/bot_interfaces__rosidl_generator_c.dir/rosidl_generator_c/bot_interfaces/msg/detail/hardware_status__description.c.o[0m
[14.322s] [ 14%] [32mBuilding C object CMakeFiles/bot_interfaces__rosidl_generator_c.dir/rosidl_generator_c/bot_interfaces/msg/detail/hardware_status__type_support.c.o[0m
[14.326s] [ 17%] [32mBuilding C object CMakeFiles/bot_interfaces__rosidl_generator_c.dir/rosidl_generator_c/bot_interfaces/msg/detail/hardware_status__functions.c.o[0m
[14.627s] [ 20%] [32m[1mLinking C shared library libbot_interfaces__rosidl_generator_c.so[0m
[14.832s] [ 20%] Built target bot_interfaces__rosidl_generator_c
[14.907s] [ 23%] [34m[1mGenerating C introspection for ROS interfaces[0m
[14.912s] [ 29%] [34m[1mGenerating C++ type support for eProsima Fast-RTPS[0m
[14.913s] [ 29%] [34m[1mGenerating C++ introspection for ROS interfaces[0m
[14.918s] [ 32%] [34m[1mGenerating C type support for eProsima Fast-RTPS[0m
[14.919s] [ 35%] [34m[1mGenerating C++ type support dispatch for ROS interfaces[0m
[14.924s] [ 38%] [34m[1mGenerating C type support dispatch for ROS interfaces[0m
[16.584s] [ 41%] [32mBuilding CXX object CMakeFiles/bot_interfaces__rosidl_typesupport_fastrtps_cpp.dir/rosidl_typesupport_fastrtps_cpp/bot_interfaces/msg/detail/dds_fastrtps/hardware_status__type_support.cpp.o[0m
[16.610s] [ 44%] [32mBuilding CXX object CMakeFiles/bot_interfaces__rosidl_typesupport_cpp.dir/rosidl_typesupport_cpp/bot_interfaces/msg/hardware_status__type_support.cpp.o[0m
[16.649s] [ 47%] [32mBuilding CXX object CMakeFiles/bot_interfaces__rosidl_typesupport_c.dir/rosidl_typesupport_c/bot_interfaces/msg/hardware_status__type_support.cpp.o[0m
[16.719s] [ 50%] [32mBuilding CXX object CMakeFiles/bot_interfaces__rosidl_typesupport_introspection_cpp.dir/rosidl_typesupport_introspection_cpp/bot_interfaces/msg/detail/hardware_status__type_support.cpp.o[0m
[16.767s] [ 52%] [32mBuilding CXX object CMakeFiles/bot_interfaces__rosidl_typesupport_fastrtps_c.dir/rosidl_typesupport_fastrtps_c/bot_interfaces/msg/detail/hardware_status__type_support_c.cpp.o[0m
[16.798s] [ 55%] [32mBuilding C object CMakeFiles/bot_interfaces__rosidl_typesupport_introspection_c.dir/rosidl_typesupport_introspection_c/bot_interfaces/msg/detail/hardware_status__type_support.c.o[0m
[16.984s] [ 58%] [32m[1mLinking CXX shared library libbot_interfaces__rosidl_typesupport_c.so[0m
[17.095s] [ 61%] [32m[1mLinking C shared library libbot_interfaces__rosidl_typesupport_introspection_c.so[0m
[17.293s] [ 61%] Built target bot_interfaces__rosidl_typesupport_c
[17.339s] [ 61%] Built target bot_interfaces__rosidl_typesupport_introspection_c
[18.537s] [ 64%] [32m[1mLinking CXX shared library libbot_interfaces__rosidl_typesupport_cpp.so[0m
[18.738s] [ 64%] Built target bot_interfaces__rosidl_typesupport_cpp
[18.872s] [ 67%] [32m[1mLinking CXX shared library libbot_interfaces__rosidl_typesupport_introspection_cpp.so[0m
[19.143s] [ 67%] Built target bot_interfaces__rosidl_typesupport_introspection_cpp
[19.220s] [ 70%] [32m[1mLinking CXX shared library libbot_interfaces__rosidl_typesupport_fastrtps_c.so[0m
[19.564s] [ 73%] [32m[1mLinking CXX shared library libbot_interfaces__rosidl_typesupport_fastrtps_cpp.so[0m
[19.572s] [ 73%] Built target bot_interfaces__rosidl_typesupport_fastrtps_c
[19.890s] [ 73%] Built target bot_interfaces__rosidl_typesupport_fastrtps_cpp
[19.995s] [ 73%] Built target bot_interfaces
[20.098s] [ 76%] [34m[1mGenerating Python code for ROS interfaces[0m
[21.245s] [ 76%] Built target bot_interfaces__py
[21.340s] [ 79%] [32mBuilding C object CMakeFiles/bot_interfaces__rosidl_generator_py.dir/rosidl_generator_py/bot_interfaces/msg/_hardware_status_s.c.o[0m
[21.918s] [ 82%] [32m[1mLinking C shared library libbot_interfaces__rosidl_generator_py.so[0m
[22.067s] [ 82%] Built target bot_interfaces__rosidl_generator_py
[22.161s] [ 85%] [32mBuilding C object CMakeFiles/bot_interfaces_s__rosidl_typesupport_fastrtps_c.dir/rosidl_generator_py/bot_interfaces/_bot_interfaces_s.ep.rosidl_typesupport_fastrtps_c.c.o[0m
[22.164s] [ 88%] [32mBuilding C object CMakeFiles/bot_interfaces_s__rosidl_typesupport_introspection_c.dir/rosidl_generator_py/bot_interfaces/_bot_interfaces_s.ep.rosidl_typesupport_introspection_c.c.o[0m
[22.171s] [ 91%] [32mBuilding C object CMakeFiles/bot_interfaces_s__rosidl_typesupport_c.dir/rosidl_generator_py/bot_interfaces/_bot_interfaces_s.ep.rosidl_typesupport_c.c.o[0m
[22.617s] [ 94%] [32m[1mLinking C shared module rosidl_generator_py/bot_interfaces/bot_interfaces_s__rosidl_typesupport_c.so[0m
[22.667s] [ 97%] [32m[1mLinking C shared module rosidl_generator_py/bot_interfaces/bot_interfaces_s__rosidl_typesupport_introspection_c.so[0m
[22.710s] [100%] [32m[1mLinking C shared module rosidl_generator_py/bot_interfaces/bot_interfaces_s__rosidl_typesupport_fastrtps_c.so[0m
[22.819s] [100%] Built target bot_interfaces_s__rosidl_typesupport_c
[22.870s] [100%] Built target bot_interfaces_s__rosidl_typesupport_introspection_c
[22.883s] [100%] Built target bot_interfaces_s__rosidl_typesupport_fastrtps_c
[22.952s] Invoked command in '/home/lalit/Documents/dev/scratchpad/ros-playground/shankar_bot_ws/build/bot_interfaces' returned '0': CMAKE_PREFIX_PATH=${CMAKE_PREFIX_PATH}:/home/lalit/Documents/dev/scratchpad/ros-playground/shankar_bot_ws/install/pkg1:/opt/ros/kilted /usr/bin/cmake --build /home/lalit/Documents/dev/scratchpad/ros-playground/shankar_bot_ws/build/bot_interfaces -- -j8 -l8
[23.000s] Invoking command in '/home/lalit/Documents/dev/scratchpad/ros-playground/shankar_bot_ws/build/bot_interfaces': CMAKE_PREFIX_PATH=${CMAKE_PREFIX_PATH}:/home/lalit/Documents/dev/scratchpad/ros-playground/shankar_bot_ws/install/pkg1:/opt/ros/kilted /usr/bin/cmake --install /home/lalit/Documents/dev/scratchpad/ros-playground/shankar_bot_ws/build/bot_interfaces
[23.037s] -- Install configuration: ""
[23.040s] -- Execute custom install script
[23.041s] -- Symlinking: /home/lalit/Documents/dev/scratchpad/ros-playground/shankar_bot_ws/install/bot_interfaces/share/ament_index/resource_index/rosidl_interfaces/bot_interfaces
[23.083s] -- Symlinking: /home/lalit/Documents/dev/scratchpad/ros-playground/shankar_bot_ws/install/bot_interfaces/share/bot_interfaces/msg/HardwareStatus.json
[23.126s] -- Symlinking: /home/lalit/Documents/dev/scratchpad/ros-playground/shankar_bot_ws/install/bot_interfaces/include/bot_interfaces/bot_interfaces/msg/detail/hardware_status__functions.h
[23.167s] -- Symlinking: /home/lalit/Documents/dev/scratchpad/ros-playground/shankar_bot_ws/install/bot_interfaces/include/bot_interfaces/bot_interfaces/msg/detail/hardware_status__struct.h
[23.207s] -- Symlinking: /home/lalit/Documents/dev/scratchpad/ros-playground/shankar_bot_ws/install/bot_interfaces/include/bot_interfaces/bot_interfaces/msg/detail/hardware_status__type_support.h
[23.247s] -- Symlinking: /home/lalit/Documents/dev/scratchpad/ros-playground/shankar_bot_ws/install/bot_interfaces/include/bot_interfaces/bot_interfaces/msg/hardware_status.h
[23.291s] -- Symlinking: /home/lalit/Documents/dev/scratchpad/ros-playground/shankar_bot_ws/install/bot_interfaces/include/bot_interfaces/bot_interfaces/msg/rosidl_generator_c__visibility_control.h
[23.330s] -- Symlinking: /home/lalit/Documents/dev/scratchpad/ros-playground/shankar_bot_ws/install/bot_interfaces/share/bot_interfaces/environment/library_path.sh
[23.368s] -- Symlinking: /home/lalit/Documents/dev/scratchpad/ros-playground/shankar_bot_ws/install/bot_interfaces/share/bot_interfaces/environment/library_path.dsv
[23.405s] -- Symlinking: /home/lalit/Documents/dev/scratchpad/ros-playground/shankar_bot_ws/install/bot_interfaces/include/bot_interfaces/bot_interfaces/msg/detail/hardware_status__rosidl_typesupport_fastrtps_c.h
[23.445s] -- Symlinking: /home/lalit/Documents/dev/scratchpad/ros-playground/shankar_bot_ws/install/bot_interfaces/include/bot_interfaces/bot_interfaces/msg/rosidl_typesupport_fastrtps_c__visibility_control.h
[23.483s] -- Symlinking: /home/lalit/Documents/dev/scratchpad/ros-playground/shankar_bot_ws/install/bot_interfaces/include/bot_interfaces/bot_interfaces/msg/detail/hardware_status__rosidl_typesupport_introspection_c.h
[23.527s] -- Symlinking: /home/lalit/Documents/dev/scratchpad/ros-playground/shankar_bot_ws/install/bot_interfaces/include/bot_interfaces/bot_interfaces/msg/rosidl_typesupport_introspection_c__visibility_control.h
[23.571s] -- Symlinking: /home/lalit/Documents/dev/scratchpad/ros-playground/shankar_bot_ws/install/bot_interfaces/include/bot_interfaces/bot_interfaces/msg/detail/hardware_status__builder.hpp
[23.610s] -- Symlinking: /home/lalit/Documents/dev/scratchpad/ros-playground/shankar_bot_ws/install/bot_interfaces/include/bot_interfaces/bot_interfaces/msg/detail/hardware_status__struct.hpp
[23.651s] -- Symlinking: /home/lalit/Documents/dev/scratchpad/ros-playground/shankar_bot_ws/install/bot_interfaces/include/bot_interfaces/bot_interfaces/msg/detail/hardware_status__traits.hpp
[23.691s] -- Symlinking: /home/lalit/Documents/dev/scratchpad/ros-playground/shankar_bot_ws/install/bot_interfaces/include/bot_interfaces/bot_interfaces/msg/detail/hardware_status__type_support.hpp
[23.733s] -- Symlinking: /home/lalit/Documents/dev/scratchpad/ros-playground/shankar_bot_ws/install/bot_interfaces/include/bot_interfaces/bot_interfaces/msg/hardware_status.hpp
[23.775s] -- Symlinking: /home/lalit/Documents/dev/scratchpad/ros-playground/shankar_bot_ws/install/bot_interfaces/include/bot_interfaces/bot_interfaces/msg/rosidl_generator_cpp__visibility_control.hpp
[23.819s] -- Symlinking: /home/lalit/Documents/dev/scratchpad/ros-playground/shankar_bot_ws/install/bot_interfaces/include/bot_interfaces/bot_interfaces/msg/detail/hardware_status__rosidl_typesupport_fastrtps_cpp.hpp
[23.862s] -- Symlinking: /home/lalit/Documents/dev/scratchpad/ros-playground/shankar_bot_ws/install/bot_interfaces/include/bot_interfaces/bot_interfaces/msg/rosidl_typesupport_fastrtps_cpp__visibility_control.h
[23.905s] -- Symlinking: /home/lalit/Documents/dev/scratchpad/ros-playground/shankar_bot_ws/install/bot_interfaces/include/bot_interfaces/bot_interfaces/msg/detail/hardware_status__rosidl_typesupport_introspection_cpp.hpp
[23.946s] -- Symlinking: /home/lalit/Documents/dev/scratchpad/ros-playground/shankar_bot_ws/install/bot_interfaces/share/bot_interfaces/environment/pythonpath.sh
[23.989s] -- Symlinking: /home/lalit/Documents/dev/scratchpad/ros-playground/shankar_bot_ws/install/bot_interfaces/share/bot_interfaces/environment/pythonpath.dsv
[24.032s] -- Symlinking: /home/lalit/Documents/dev/scratchpad/ros-playground/shankar_bot_ws/install/bot_interfaces/lib/python3.12/site-packages/bot_interfaces-0.0.0-py3.12.egg-info/PKG-INFO
[24.072s] -- Symlinking: /home/lalit/Documents/dev/scratchpad/ros-playground/shankar_bot_ws/install/bot_interfaces/lib/python3.12/site-packages/bot_interfaces-0.0.0-py3.12.egg-info/SOURCES.txt
[24.113s] -- Symlinking: /home/lalit/Documents/dev/scratchpad/ros-playground/shankar_bot_ws/install/bot_interfaces/lib/python3.12/site-packages/bot_interfaces-0.0.0-py3.12.egg-info/dependency_links.txt
[24.162s] -- Symlinking: /home/lalit/Documents/dev/scratchpad/ros-playground/shankar_bot_ws/install/bot_interfaces/lib/python3.12/site-packages/bot_interfaces-0.0.0-py3.12.egg-info/top_level.txt
[24.209s] -- Symlinking: /home/lalit/Documents/dev/scratchpad/ros-playground/shankar_bot_ws/install/bot_interfaces/lib/python3.12/site-packages/bot_interfaces/__init__.py
[24.248s] -- Symlinking: /home/lalit/Documents/dev/scratchpad/ros-playground/shankar_bot_ws/install/bot_interfaces/lib/python3.12/site-packages/bot_interfaces/_bot_interfaces_s.ep.rosidl_typesupport_c.c
[24.288s] -- Symlinking: /home/lalit/Documents/dev/scratchpad/ros-playground/shankar_bot_ws/install/bot_interfaces/lib/python3.12/site-packages/bot_interfaces/_bot_interfaces_s.ep.rosidl_typesupport_fastrtps_c.c
[24.323s] -- Symlinking: /home/lalit/Documents/dev/scratchpad/ros-playground/shankar_bot_ws/install/bot_interfaces/lib/python3.12/site-packages/bot_interfaces/_bot_interfaces_s.ep.rosidl_typesupport_introspection_c.c
[24.354s] -- Symlinking: /home/lalit/Documents/dev/scratchpad/ros-playground/shankar_bot_ws/install/bot_interfaces/lib/python3.12/site-packages/bot_interfaces/bot_interfaces_s__rosidl_typesupport_c.so
[24.386s] -- Symlinking: /home/lalit/Documents/dev/scratchpad/ros-playground/shankar_bot_ws/install/bot_interfaces/lib/python3.12/site-packages/bot_interfaces/bot_interfaces_s__rosidl_typesupport_fastrtps_c.so
[24.418s] -- Symlinking: /home/lalit/Documents/dev/scratchpad/ros-playground/shankar_bot_ws/install/bot_interfaces/lib/python3.12/site-packages/bot_interfaces/bot_interfaces_s__rosidl_typesupport_introspection_c.so
[24.454s] -- Symlinking: /home/lalit/Documents/dev/scratchpad/ros-playground/shankar_bot_ws/install/bot_interfaces/lib/python3.12/site-packages/bot_interfaces/msg/__init__.py
[24.494s] -- Symlinking: /home/lalit/Documents/dev/scratchpad/ros-playground/shankar_bot_ws/install/bot_interfaces/lib/python3.12/site-packages/bot_interfaces/msg/_hardware_status.py
[24.535s] -- Symlinking: /home/lalit/Documents/dev/scratchpad/ros-playground/shankar_bot_ws/install/bot_interfaces/lib/python3.12/site-packages/bot_interfaces/msg/_hardware_status_s.c
[24.577s] -- Up-to-date symlink: /home/lalit/Documents/dev/scratchpad/ros-playground/shankar_bot_ws/install/bot_interfaces/lib/python3.12/site-packages/bot_interfaces/bot_interfaces_s__rosidl_typesupport_fastrtps_c.so
[24.579s] -- Up-to-date symlink: /home/lalit/Documents/dev/scratchpad/ros-playground/shankar_bot_ws/install/bot_interfaces/lib/python3.12/site-packages/bot_interfaces/bot_interfaces_s__rosidl_typesupport_introspection_c.so
[24.580s] -- Up-to-date symlink: /home/lalit/Documents/dev/scratchpad/ros-playground/shankar_bot_ws/install/bot_interfaces/lib/python3.12/site-packages/bot_interfaces/bot_interfaces_s__rosidl_typesupport_c.so
[24.582s] -- Symlinking: /home/lalit/Documents/dev/scratchpad/ros-playground/shankar_bot_ws/install/bot_interfaces/share/bot_interfaces/msg/HardwareStatus.idl
[24.623s] -- Symlinking: /home/lalit/Documents/dev/scratchpad/ros-playground/shankar_bot_ws/install/bot_interfaces/share/bot_interfaces/msg/HardwareStatus.msg
[24.663s] -- Symlinking: /home/lalit/Documents/dev/scratchpad/ros-playground/shankar_bot_ws/install/bot_interfaces/share/ament_index/resource_index/package_run_dependencies/bot_interfaces
[24.704s] -- Symlinking: /home/lalit/Documents/dev/scratchpad/ros-playground/shankar_bot_ws/install/bot_interfaces/share/ament_index/resource_index/parent_prefix_path/bot_interfaces
[24.745s] -- Symlinking: /home/lalit/Documents/dev/scratchpad/ros-playground/shankar_bot_ws/install/bot_interfaces/share/bot_interfaces/environment/ament_prefix_path.sh
[24.785s] -- Symlinking: /home/lalit/Documents/dev/scratchpad/ros-playground/shankar_bot_ws/install/bot_interfaces/share/bot_interfaces/environment/ament_prefix_path.dsv
[24.828s] -- Symlinking: /home/lalit/Documents/dev/scratchpad/ros-playground/shankar_bot_ws/install/bot_interfaces/share/bot_interfaces/environment/path.sh
[24.869s] -- Symlinking: /home/lalit/Documents/dev/scratchpad/ros-playground/shankar_bot_ws/install/bot_interfaces/share/bot_interfaces/environment/path.dsv
[24.910s] -- Symlinking: /home/lalit/Documents/dev/scratchpad/ros-playground/shankar_bot_ws/install/bot_interfaces/share/bot_interfaces/local_setup.bash
[24.950s] -- Symlinking: /home/lalit/Documents/dev/scratchpad/ros-playground/shankar_bot_ws/install/bot_interfaces/share/bot_interfaces/local_setup.sh
[24.990s] -- Symlinking: /home/lalit/Documents/dev/scratchpad/ros-playground/shankar_bot_ws/install/bot_interfaces/share/bot_interfaces/local_setup.zsh
[25.031s] -- Symlinking: /home/lalit/Documents/dev/scratchpad/ros-playground/shankar_bot_ws/install/bot_interfaces/share/bot_interfaces/local_setup.dsv
[25.073s] -- Symlinking: /home/lalit/Documents/dev/scratchpad/ros-playground/shankar_bot_ws/install/bot_interfaces/share/bot_interfaces/package.dsv
[25.114s] -- Symlinking: /home/lalit/Documents/dev/scratchpad/ros-playground/shankar_bot_ws/install/bot_interfaces/share/ament_index/resource_index/packages/bot_interfaces
[25.154s] -- Symlinking: /home/lalit/Documents/dev/scratchpad/ros-playground/shankar_bot_ws/install/bot_interfaces/share/bot_interfaces/cmake/rosidl_cmake-extras.cmake
[25.195s] -- Symlinking: /home/lalit/Documents/dev/scratchpad/ros-playground/shankar_bot_ws/install/bot_interfaces/share/bot_interfaces/cmake/ament_cmake_export_include_directories-extras.cmake
[25.237s] -- Symlinking: /home/lalit/Documents/dev/scratchpad/ros-playground/shankar_bot_ws/install/bot_interfaces/share/bot_interfaces/cmake/ament_cmake_export_libraries-extras.cmake
[25.277s] -- Symlinking: /home/lalit/Documents/dev/scratchpad/ros-playground/shankar_bot_ws/install/bot_interfaces/share/bot_interfaces/cmake/ament_cmake_export_targets-extras.cmake
[25.317s] -- Symlinking: /home/lalit/Documents/dev/scratchpad/ros-playground/shankar_bot_ws/install/bot_interfaces/share/bot_interfaces/cmake/rosidl_cmake_export_typesupport_targets-extras.cmake
[25.356s] -- Symlinking: /home/lalit/Documents/dev/scratchpad/ros-playground/shankar_bot_ws/install/bot_interfaces/share/bot_interfaces/cmake/ament_cmake_export_dependencies-extras.cmake
[25.392s] -- Symlinking: /home/lalit/Documents/dev/scratchpad/ros-playground/shankar_bot_ws/install/bot_interfaces/share/bot_interfaces/cmake/rosidl_cmake_export_typesupport_libraries-extras.cmake
[25.434s] -- Symlinking: /home/lalit/Documents/dev/scratchpad/ros-playground/shankar_bot_ws/install/bot_interfaces/share/bot_interfaces/cmake/bot_interfacesConfig.cmake
[25.476s] -- Symlinking: /home/lalit/Documents/dev/scratchpad/ros-playground/shankar_bot_ws/install/bot_interfaces/share/bot_interfaces/cmake/bot_interfacesConfig-version.cmake
[25.520s] -- Symlinking: /home/lalit/Documents/dev/scratchpad/ros-playground/shankar_bot_ws/install/bot_interfaces/share/bot_interfaces/package.xml
[25.569s] -- Installing: /home/lalit/Documents/dev/scratchpad/ros-playground/shankar_bot_ws/install/bot_interfaces/lib/libbot_interfaces__rosidl_generator_c.so
[25.572s] -- Set non-toolchain portion of runtime path of "/home/lalit/Documents/dev/scratchpad/ros-playground/shankar_bot_ws/install/bot_interfaces/lib/libbot_interfaces__rosidl_generator_c.so" to ""
[25.572s] -- Installing: /home/lalit/Documents/dev/scratchpad/ros-playground/shankar_bot_ws/install/bot_interfaces/lib/libbot_interfaces__rosidl_typesupport_fastrtps_c.so
[25.575s] -- Set non-toolchain portion of runtime path of "/home/lalit/Documents/dev/scratchpad/ros-playground/shankar_bot_ws/install/bot_interfaces/lib/libbot_interfaces__rosidl_typesupport_fastrtps_c.so" to ""
[25.575s] -- Installing: /home/lalit/Documents/dev/scratchpad/ros-playground/shankar_bot_ws/install/bot_interfaces/lib/libbot_interfaces__rosidl_typesupport_introspection_c.so
[25.578s] -- Set non-toolchain portion of runtime path of "/home/lalit/Documents/dev/scratchpad/ros-playground/shankar_bot_ws/install/bot_interfaces/lib/libbot_interfaces__rosidl_typesupport_introspection_c.so" to ""
[25.579s] -- Installing: /home/lalit/Documents/dev/scratchpad/ros-playground/shankar_bot_ws/install/bot_interfaces/lib/libbot_interfaces__rosidl_typesupport_c.so
[25.581s] -- Set non-toolchain portion of runtime path of "/home/lalit/Documents/dev/scratchpad/ros-playground/shankar_bot_ws/install/bot_interfaces/lib/libbot_interfaces__rosidl_typesupport_c.so" to ""
[25.582s] -- Installing: /home/lalit/Documents/dev/scratchpad/ros-playground/shankar_bot_ws/install/bot_interfaces/lib/libbot_interfaces__rosidl_typesupport_fastrtps_cpp.so
[25.584s] -- Set non-toolchain portion of runtime path of "/home/lalit/Documents/dev/scratchpad/ros-playground/shankar_bot_ws/install/bot_interfaces/lib/libbot_interfaces__rosidl_typesupport_fastrtps_cpp.so" to ""
[25.585s] -- Installing: /home/lalit/Documents/dev/scratchpad/ros-playground/shankar_bot_ws/install/bot_interfaces/lib/libbot_interfaces__rosidl_typesupport_introspection_cpp.so
[25.587s] -- Set non-toolchain portion of runtime path of "/home/lalit/Documents/dev/scratchpad/ros-playground/shankar_bot_ws/install/bot_interfaces/lib/libbot_interfaces__rosidl_typesupport_introspection_cpp.so" to ""
[25.588s] -- Installing: /home/lalit/Documents/dev/scratchpad/ros-playground/shankar_bot_ws/install/bot_interfaces/lib/libbot_interfaces__rosidl_typesupport_cpp.so
[25.590s] -- Set non-toolchain portion of runtime path of "/home/lalit/Documents/dev/scratchpad/ros-playground/shankar_bot_ws/install/bot_interfaces/lib/libbot_interfaces__rosidl_typesupport_cpp.so" to ""
[25.801s] Listing '/home/lalit/Documents/dev/scratchpad/ros-playground/shankar_bot_ws/install/bot_interfaces/lib/python3.12/site-packages/bot_interfaces'...
[25.801s] Compiling '/home/lalit/Documents/dev/scratchpad/ros-playground/shankar_bot_ws/install/bot_interfaces/lib/python3.12/site-packages/bot_interfaces/__init__.py'...
[25.802s] Listing '/home/lalit/Documents/dev/scratchpad/ros-playground/shankar_bot_ws/install/bot_interfaces/lib/python3.12/site-packages/bot_interfaces/msg'...
[25.802s] Compiling '/home/lalit/Documents/dev/scratchpad/ros-playground/shankar_bot_ws/install/bot_interfaces/lib/python3.12/site-packages/bot_interfaces/msg/__init__.py'...
[25.803s] Compiling '/home/lalit/Documents/dev/scratchpad/ros-playground/shankar_bot_ws/install/bot_interfaces/lib/python3.12/site-packages/bot_interfaces/msg/_hardware_status.py'...
[25.829s] -- Installing: /home/lalit/Documents/dev/scratchpad/ros-playground/shankar_bot_ws/install/bot_interfaces/lib/libbot_interfaces__rosidl_generator_py.so
[25.830s] -- Set non-toolchain portion of runtime path of "/home/lalit/Documents/dev/scratchpad/ros-playground/shankar_bot_ws/install/bot_interfaces/lib/libbot_interfaces__rosidl_generator_py.so" to ""
[25.830s] -- Installing: /home/lalit/Documents/dev/scratchpad/ros-playground/shankar_bot_ws/install/bot_interfaces/share/bot_interfaces/cmake/export_bot_interfaces__rosidl_generator_cExport.cmake
[25.831s] -- Installing: /home/lalit/Documents/dev/scratchpad/ros-playground/shankar_bot_ws/install/bot_interfaces/share/bot_interfaces/cmake/export_bot_interfaces__rosidl_generator_cExport-noconfig.cmake
[25.832s] -- Installing: /home/lalit/Documents/dev/scratchpad/ros-playground/shankar_bot_ws/install/bot_interfaces/share/bot_interfaces/cmake/export_bot_interfaces__rosidl_typesupport_fastrtps_cExport.cmake
[25.833s] -- Installing: /home/lalit/Documents/dev/scratchpad/ros-playground/shankar_bot_ws/install/bot_interfaces/share/bot_interfaces/cmake/export_bot_interfaces__rosidl_typesupport_fastrtps_cExport-noconfig.cmake
[25.833s] -- Installing: /home/lalit/Documents/dev/scratchpad/ros-playground/shankar_bot_ws/install/bot_interfaces/share/bot_interfaces/cmake/bot_interfaces__rosidl_typesupport_introspection_cExport.cmake
[25.834s] -- Installing: /home/lalit/Documents/dev/scratchpad/ros-playground/shankar_bot_ws/install/bot_interfaces/share/bot_interfaces/cmake/bot_interfaces__rosidl_typesupport_introspection_cExport-noconfig.cmake
[25.834s] -- Installing: /home/lalit/Documents/dev/scratchpad/ros-playground/shankar_bot_ws/install/bot_interfaces/share/bot_interfaces/cmake/bot_interfaces__rosidl_typesupport_cExport.cmake
[25.835s] -- Installing: /home/lalit/Documents/dev/scratchpad/ros-playground/shankar_bot_ws/install/bot_interfaces/share/bot_interfaces/cmake/bot_interfaces__rosidl_typesupport_cExport-noconfig.cmake
[25.836s] -- Installing: /home/lalit/Documents/dev/scratchpad/ros-playground/shankar_bot_ws/install/bot_interfaces/share/bot_interfaces/cmake/export_bot_interfaces__rosidl_generator_cppExport.cmake
[25.837s] -- Installing: /home/lalit/Documents/dev/scratchpad/ros-playground/shankar_bot_ws/install/bot_interfaces/share/bot_interfaces/cmake/export_bot_interfaces__rosidl_typesupport_fastrtps_cppExport.cmake
[25.838s] -- Installing: /home/lalit/Documents/dev/scratchpad/ros-playground/shankar_bot_ws/install/bot_interfaces/share/bot_interfaces/cmake/export_bot_interfaces__rosidl_typesupport_fastrtps_cppExport-noconfig.cmake
[25.838s] -- Installing: /home/lalit/Documents/dev/scratchpad/ros-playground/shankar_bot_ws/install/bot_interfaces/share/bot_interfaces/cmake/bot_interfaces__rosidl_typesupport_introspection_cppExport.cmake
[25.839s] -- Installing: /home/lalit/Documents/dev/scratchpad/ros-playground/shankar_bot_ws/install/bot_interfaces/share/bot_interfaces/cmake/bot_interfaces__rosidl_typesupport_introspection_cppExport-noconfig.cmake
[25.840s] -- Installing: /home/lalit/Documents/dev/scratchpad/ros-playground/shankar_bot_ws/install/bot_interfaces/share/bot_interfaces/cmake/bot_interfaces__rosidl_typesupport_cppExport.cmake
[25.841s] -- Installing: /home/lalit/Documents/dev/scratchpad/ros-playground/shankar_bot_ws/install/bot_interfaces/share/bot_interfaces/cmake/bot_interfaces__rosidl_typesupport_cppExport-noconfig.cmake
[25.841s] -- Installing: /home/lalit/Documents/dev/scratchpad/ros-playground/shankar_bot_ws/install/bot_interfaces/share/bot_interfaces/cmake/export_bot_interfaces__rosidl_generator_pyExport.cmake
[25.842s] -- Installing: /home/lalit/Documents/dev/scratchpad/ros-playground/shankar_bot_ws/install/bot_interfaces/share/bot_interfaces/cmake/export_bot_interfaces__rosidl_generator_pyExport-noconfig.cmake
[25.854s] Invoked command in '/home/lalit/Documents/dev/scratchpad/ros-playground/shankar_bot_ws/build/bot_interfaces' returned '0': CMAKE_PREFIX_PATH=${CMAKE_PREFIX_PATH}:/home/lalit/Documents/dev/scratchpad/ros-playground/shankar_bot_ws/install/pkg1:/opt/ros/kilted /usr/bin/cmake --install /home/lalit/Documents/dev/scratchpad/ros-playground/shankar_bot_ws/build/bot_interfaces
